[1.399s] DEBUG:colcon:Command line arguments: ['/usr/bin/colcon', 'build']
[1.399s] DEBUG:colcon:Parsed command line arguments: Namespace(log_base=None, log_level=None, verb_name='build', build_base='build', install_base='install', merge_install=False, symlink_install=False, test_result_base=None, continue_on_error=False, executor='parallel', parallel_workers=4, event_handlers=None, ignore_user_meta=False, metas=['./colcon.meta'], base_paths=['.'], packages_ignore=None, packages_ignore_regex=None, paths=None, packages_up_to=None, packages_up_to_regex=None, packages_above=None, packages_above_and_dependencies=None, packages_above_depth=None, packages_select_by_dep=None, packages_skip_by_dep=None, packages_skip_up_to=None, packages_select_build_failed=False, packages_skip_build_finished=False, packages_select_test_failures=False, packages_skip_test_passed=False, packages_select=None, packages_skip=None, packages_select_regex=None, packages_skip_regex=None, packages_start=None, packages_end=None, allow_overriding=[], cmake_args=None, cmake_target=None, cmake_target_skip_unavailable=False, cmake_clean_cache=False, cmake_clean_first=False, cmake_force_configure=False, ament_cmake_args=None, catkin_cmake_args=None, catkin_skip_building_tests=False, mixin_files=None, mixin=None, verb_parser=<colcon_mixin.mixin.mixin_argument.MixinArgumentDecorator object at 0xffffbd521f70>, verb_extension=<colcon_core.verb.build.BuildVerb object at 0xffffbd68c230>, main=<bound method BuildVerb.main of <colcon_core.verb.build.BuildVerb object at 0xffffbd68c230>>, mixin_verb=('build',))
[1.755s] Level 1:colcon.colcon_core.package_discovery:discover_packages(colcon_meta) check parameters
[1.756s] Level 1:colcon.colcon_core.package_discovery:discover_packages(recursive) check parameters
[1.756s] Level 1:colcon.colcon_core.package_discovery:discover_packages(ignore) check parameters
[1.756s] Level 1:colcon.colcon_core.package_discovery:discover_packages(path) check parameters
[1.756s] Level 1:colcon.colcon_core.package_discovery:discover_packages(colcon_meta) discover
[1.756s] Level 1:colcon.colcon_core.package_discovery:discover_packages(recursive) discover
[1.757s] INFO:colcon.colcon_core.package_discovery:Crawling recursively for packages in '/home/olia/ros2_ws/src/motor'
[1.757s] Level 1:colcon.colcon_core.package_identification:_identify(.) by extensions ['ignore', 'ignore_ament_install']
[1.758s] Level 1:colcon.colcon_core.package_identification:_identify(.) by extension 'ignore'
[1.758s] Level 1:colcon.colcon_core.package_identification:_identify(.) by extension 'ignore_ament_install'
[1.759s] Level 1:colcon.colcon_core.package_identification:_identify(.) by extensions ['colcon_pkg']
[1.759s] Level 1:colcon.colcon_core.package_identification:_identify(.) by extension 'colcon_pkg'
[1.759s] Level 1:colcon.colcon_core.package_identification:_identify(.) by extensions ['colcon_meta']
[1.759s] Level 1:colcon.colcon_core.package_identification:_identify(.) by extension 'colcon_meta'
[1.759s] Level 1:colcon.colcon_core.package_identification:_identify(.) by extensions ['ros']
[1.759s] Level 1:colcon.colcon_core.package_identification:_identify(.) by extension 'ros'
[1.928s] DEBUG:colcon.colcon_core.package_identification:Package '.' with type 'ros.ament_cmake' and name 'motor'
[1.929s] Level 1:colcon.colcon_core.package_discovery:discover_packages(recursive) using defaults
[1.929s] Level 1:colcon.colcon_core.package_discovery:discover_packages(ignore) discover
[1.929s] Level 1:colcon.colcon_core.package_discovery:discover_packages(ignore) using defaults
[1.929s] Level 1:colcon.colcon_core.package_discovery:discover_packages(path) discover
[1.929s] Level 1:colcon.colcon_core.package_discovery:discover_packages(path) using defaults
[2.062s] Level 1:colcon.colcon_core.package_discovery:discover_packages(prefix_path) check parameters
[2.062s] Level 1:colcon.colcon_core.package_discovery:discover_packages(prefix_path) discover
[2.075s] Level 1:colcon.colcon_core.package_discovery:discover_packages(prefix_path) using defaults
[2.084s] Level 5:colcon.colcon_core.verb:set package 'motor' build argument 'cmake_args' from command line to 'None'
[2.084s] Level 5:colcon.colcon_core.verb:set package 'motor' build argument 'cmake_target' from command line to 'None'
[2.085s] Level 5:colcon.colcon_core.verb:set package 'motor' build argument 'cmake_target_skip_unavailable' from command line to 'False'
[2.085s] Level 5:colcon.colcon_core.verb:set package 'motor' build argument 'cmake_clean_cache' from command line to 'False'
[2.085s] Level 5:colcon.colcon_core.verb:set package 'motor' build argument 'cmake_clean_first' from command line to 'False'
[2.085s] Level 5:colcon.colcon_core.verb:set package 'motor' build argument 'cmake_force_configure' from command line to 'False'
[2.085s] Level 5:colcon.colcon_core.verb:set package 'motor' build argument 'ament_cmake_args' from command line to 'None'
[2.085s] Level 5:colcon.colcon_core.verb:set package 'motor' build argument 'catkin_cmake_args' from command line to 'None'
[2.085s] Level 5:colcon.colcon_core.verb:set package 'motor' build argument 'catkin_skip_building_tests' from command line to 'False'
[2.085s] DEBUG:colcon.colcon_core.verb:Building package 'motor' with the following arguments: {'ament_cmake_args': None, 'build_base': '/home/olia/ros2_ws/src/motor/build/motor', 'catkin_cmake_args': None, 'catkin_skip_building_tests': False, 'cmake_args': None, 'cmake_clean_cache': False, 'cmake_clean_first': False, 'cmake_force_configure': False, 'cmake_target': None, 'cmake_target_skip_unavailable': False, 'install_base': '/home/olia/ros2_ws/src/motor/install/motor', 'merge_install': False, 'path': '/home/olia/ros2_ws/src/motor', 'symlink_install': False, 'test_result_base': None}
[2.086s] INFO:colcon.colcon_core.executor:Executing jobs using 'parallel' executor
[2.089s] DEBUG:colcon.colcon_parallel_executor.executor.parallel:run_until_complete
[2.090s] INFO:colcon.colcon_ros.task.ament_cmake.build:Building ROS package in '/home/olia/ros2_ws/src/motor' with build type 'ament_cmake'
[2.091s] INFO:colcon.colcon_cmake.task.cmake.build:Building CMake package in '/home/olia/ros2_ws/src/motor'
[2.116s] INFO:colcon.colcon_core.plugin_system:Skipping extension 'colcon_core.shell.bat': Not used on non-Windows systems
[2.117s] INFO:colcon.colcon_core.shell:Skip shell extension 'powershell' for command environment: Not usable outside of PowerShell
[2.118s] DEBUG:colcon.colcon_core.shell:Skip shell extension 'dsv' for command environment
[2.152s] DEBUG:colcon.colcon_core.event_handler.log_command:Invoking command in '/home/olia/ros2_ws/src/motor/build/motor': /usr/bin/cmake --build /home/olia/ros2_ws/src/motor/build/motor -- -j4 -l4
[3.343s] DEBUG:colcon.colcon_core.event_handler.log_command:Invoked command in '/home/olia/ros2_ws/src/motor/build/motor' returned '0': /usr/bin/cmake --build /home/olia/ros2_ws/src/motor/build/motor -- -j4 -l4
[3.511s] DEBUG:colcon.colcon_core.event_handler.log_command:Invoking command in '/home/olia/ros2_ws/src/motor/build/motor': /usr/bin/cmake --install /home/olia/ros2_ws/src/motor/build/motor
[3.575s] Level 1:colcon.colcon_core.environment:create_environment_scripts_only(motor)
[3.576s] DEBUG:colcon.colcon_core.event_handler.log_command:Invoked command in '/home/olia/ros2_ws/src/motor/build/motor' returned '0': /usr/bin/cmake --install /home/olia/ros2_ws/src/motor/build/motor
[3.601s] Level 1:colcon.colcon_core.environment:checking '/home/olia/ros2_ws/src/motor/install/motor' for CMake module files
[3.606s] Level 1:colcon.colcon_core.environment:checking '/home/olia/ros2_ws/src/motor/install/motor' for CMake config files
[3.608s] Level 1:colcon.colcon_core.shell:create_environment_hook('motor', 'cmake_prefix_path')
[3.609s] INFO:colcon.colcon_core.shell:Creating environment hook '/home/olia/ros2_ws/src/motor/install/motor/share/motor/hook/cmake_prefix_path.ps1'
[3.613s] INFO:colcon.colcon_core.shell:Creating environment descriptor '/home/olia/ros2_ws/src/motor/install/motor/share/motor/hook/cmake_prefix_path.dsv'
[3.621s] INFO:colcon.colcon_core.shell:Creating environment hook '/home/olia/ros2_ws/src/motor/install/motor/share/motor/hook/cmake_prefix_path.sh'
[3.629s] Level 1:colcon.colcon_core.environment:checking '/home/olia/ros2_ws/src/motor/install/motor/lib'
[3.630s] Level 1:colcon.colcon_core.environment:checking '/home/olia/ros2_ws/src/motor/install/motor/bin'
[3.630s] Level 1:colcon.colcon_core.environment:checking '/home/olia/ros2_ws/src/motor/install/motor/lib/pkgconfig/motor.pc'
[3.647s] Level 1:colcon.colcon_core.environment:checking '/home/olia/ros2_ws/src/motor/install/motor/lib/python3.12/site-packages'
[3.648s] Level 1:colcon.colcon_core.environment:checking '/home/olia/ros2_ws/src/motor/install/motor/bin'
[3.649s] INFO:colcon.colcon_core.shell:Creating package script '/home/olia/ros2_ws/src/motor/install/motor/share/motor/package.ps1'
[3.653s] INFO:colcon.colcon_core.shell:Creating package descriptor '/home/olia/ros2_ws/src/motor/install/motor/share/motor/package.dsv'
[3.658s] INFO:colcon.colcon_core.shell:Creating package script '/home/olia/ros2_ws/src/motor/install/motor/share/motor/package.sh'
[3.666s] INFO:colcon.colcon_core.shell:Creating package script '/home/olia/ros2_ws/src/motor/install/motor/share/motor/package.bash'
[3.673s] INFO:colcon.colcon_core.shell:Creating package script '/home/olia/ros2_ws/src/motor/install/motor/share/motor/package.zsh'
[3.680s] Level 1:colcon.colcon_core.environment:create_file_with_runtime_dependencies(/home/olia/ros2_ws/src/motor/install/motor/share/colcon-core/packages/motor)
[3.809s] Level 1:colcon.colcon_core.environment:create_environment_scripts_only(motor)
[3.810s] Level 1:colcon.colcon_core.environment:checking '/home/olia/ros2_ws/src/motor/install/motor' for CMake module files
[3.814s] Level 1:colcon.colcon_core.environment:checking '/home/olia/ros2_ws/src/motor/install/motor' for CMake config files
[3.815s] Level 1:colcon.colcon_core.shell:create_environment_hook('motor', 'cmake_prefix_path')
[3.816s] INFO:colcon.colcon_core.shell:Creating environment hook '/home/olia/ros2_ws/src/motor/install/motor/share/motor/hook/cmake_prefix_path.ps1'
[3.818s] INFO:colcon.colcon_core.shell:Creating environment descriptor '/home/olia/ros2_ws/src/motor/install/motor/share/motor/hook/cmake_prefix_path.dsv'
[3.821s] INFO:colcon.colcon_core.shell:Creating environment hook '/home/olia/ros2_ws/src/motor/install/motor/share/motor/hook/cmake_prefix_path.sh'
[3.825s] Level 1:colcon.colcon_core.environment:checking '/home/olia/ros2_ws/src/motor/install/motor/lib'
[3.825s] Level 1:colcon.colcon_core.environment:checking '/home/olia/ros2_ws/src/motor/install/motor/bin'
[3.825s] Level 1:colcon.colcon_core.environment:checking '/home/olia/ros2_ws/src/motor/install/motor/lib/pkgconfig/motor.pc'
[3.827s] Level 1:colcon.colcon_core.environment:checking '/home/olia/ros2_ws/src/motor/install/motor/lib/python3.12/site-packages'
[3.827s] Level 1:colcon.colcon_core.environment:checking '/home/olia/ros2_ws/src/motor/install/motor/bin'
[3.828s] INFO:colcon.colcon_core.shell:Creating package script '/home/olia/ros2_ws/src/motor/install/motor/share/motor/package.ps1'
[3.830s] INFO:colcon.colcon_core.shell:Creating package descriptor '/home/olia/ros2_ws/src/motor/install/motor/share/motor/package.dsv'
[3.833s] INFO:colcon.colcon_core.shell:Creating package script '/home/olia/ros2_ws/src/motor/install/motor/share/motor/package.sh'
[3.836s] INFO:colcon.colcon_core.shell:Creating package script '/home/olia/ros2_ws/src/motor/install/motor/share/motor/package.bash'
[3.839s] INFO:colcon.colcon_core.shell:Creating package script '/home/olia/ros2_ws/src/motor/install/motor/share/motor/package.zsh'
[3.843s] Level 1:colcon.colcon_core.environment:create_file_with_runtime_dependencies(/home/olia/ros2_ws/src/motor/install/motor/share/colcon-core/packages/motor)
[3.846s] DEBUG:colcon.colcon_parallel_executor.executor.parallel:closing loop
[3.848s] DEBUG:colcon.colcon_parallel_executor.executor.parallel:loop closed
[3.848s] DEBUG:colcon.colcon_parallel_executor.executor.parallel:run_until_complete finished with '0'
[3.849s] DEBUG:colcon.colcon_core.event_reactor:joining thread
[3.876s] INFO:colcon.colcon_core.plugin_system:Skipping extension 'colcon_notification.desktop_notification.terminal_notifier': Not used on non-Darwin systems
[3.876s] INFO:colcon.colcon_core.plugin_system:Skipping extension 'colcon_notification.desktop_notification.win32': Not used on non-Windows systems
[3.876s] INFO:colcon.colcon_notification.desktop_notification:Sending desktop notification using 'notify2'
[3.877s] DEBUG:colcon.colcon_notification.desktop_notification.notify2:Failed to initialize notify2: org.freedesktop.DBus.Error.NotSupported: Unable to autolaunch a dbus-daemon without a $DISPLAY for X11
[3.877s] DEBUG:colcon.colcon_core.event_reactor:joined thread
[3.878s] INFO:colcon.colcon_core.shell:Creating prefix script '/home/olia/ros2_ws/src/motor/install/local_setup.ps1'
[3.881s] INFO:colcon.colcon_core.shell:Creating prefix util module '/home/olia/ros2_ws/src/motor/install/_local_setup_util_ps1.py'
[3.889s] INFO:colcon.colcon_core.shell:Creating prefix chain script '/home/olia/ros2_ws/src/motor/install/setup.ps1'
[3.897s] INFO:colcon.colcon_core.shell:Creating prefix script '/home/olia/ros2_ws/src/motor/install/local_setup.sh'
[3.906s] INFO:colcon.colcon_core.shell:Creating prefix util module '/home/olia/ros2_ws/src/motor/install/_local_setup_util_sh.py'
[3.910s] INFO:colcon.colcon_core.shell:Creating prefix chain script '/home/olia/ros2_ws/src/motor/install/setup.sh'
[3.917s] INFO:colcon.colcon_core.shell:Creating prefix script '/home/olia/ros2_ws/src/motor/install/local_setup.bash'
[3.926s] INFO:colcon.colcon_core.shell:Creating prefix chain script '/home/olia/ros2_ws/src/motor/install/setup.bash'
[3.935s] INFO:colcon.colcon_core.shell:Creating prefix script '/home/olia/ros2_ws/src/motor/install/local_setup.zsh'
[3.941s] INFO:colcon.colcon_core.shell:Creating prefix chain script '/home/olia/ros2_ws/src/motor/install/setup.zsh'
