[0.810s] DEBUG:colcon:Command line arguments: ['/usr/bin/colcon', 'build']
[0.810s] DEBUG:colcon:Parsed command line arguments: Namespace(log_base=None, log_level=None, verb_name='build', build_base='build', install_base='install', merge_install=False, symlink_install=False, test_result_base=None, continue_on_error=False, executor='parallel', parallel_workers=4, event_handlers=None, ignore_user_meta=False, metas=['./colcon.meta'], base_paths=['.'], packages_ignore=None, packages_ignore_regex=None, paths=None, packages_up_to=None, packages_up_to_regex=None, packages_above=None, packages_above_and_dependencies=None, packages_above_depth=None, packages_select_by_dep=None, packages_skip_by_dep=None, packages_skip_up_to=None, packages_select_build_failed=False, packages_skip_build_finished=False, packages_select_test_failures=False, packages_skip_test_passed=False, packages_select=None, packages_skip=None, packages_select_regex=None, packages_skip_regex=None, packages_start=None, packages_end=None, allow_overriding=[], cmake_args=None, cmake_target=None, cmake_target_skip_unavailable=False, cmake_clean_cache=False, cmake_clean_first=False, cmake_force_configure=False, ament_cmake_args=None, catkin_cmake_args=None, catkin_skip_building_tests=False, mixin_files=None, mixin=None, verb_parser=<colcon_mixin.mixin.mixin_argument.MixinArgumentDecorator object at 0xffff9d875ee0>, verb_extension=<colcon_core.verb.build.BuildVerb object at 0xffff9da2cfb0>, main=<bound method BuildVerb.main of <colcon_core.verb.build.BuildVerb object at 0xffff9da2cfb0>>, mixin_verb=('build',))
[1.130s] Level 1:colcon.colcon_core.package_discovery:discover_packages(colcon_meta) check parameters
[1.130s] Level 1:colcon.colcon_core.package_discovery:discover_packages(recursive) check parameters
[1.130s] Level 1:colcon.colcon_core.package_discovery:discover_packages(ignore) check parameters
[1.131s] Level 1:colcon.colcon_core.package_discovery:discover_packages(path) check parameters
[1.131s] Level 1:colcon.colcon_core.package_discovery:discover_packages(colcon_meta) discover
[1.131s] Level 1:colcon.colcon_core.package_discovery:discover_packages(recursive) discover
[1.131s] INFO:colcon.colcon_core.package_discovery:Crawling recursively for packages in '/home/olia/ros2_ws/src/motor'
[1.132s] Level 1:colcon.colcon_core.package_identification:_identify(.) by extensions ['ignore', 'ignore_ament_install']
[1.132s] Level 1:colcon.colcon_core.package_identification:_identify(.) by extension 'ignore'
[1.132s] Level 1:colcon.colcon_core.package_identification:_identify(.) by extension 'ignore_ament_install'
[1.133s] Level 1:colcon.colcon_core.package_identification:_identify(.) by extensions ['colcon_pkg']
[1.133s] Level 1:colcon.colcon_core.package_identification:_identify(.) by extension 'colcon_pkg'
[1.133s] Level 1:colcon.colcon_core.package_identification:_identify(.) by extensions ['colcon_meta']
[1.133s] Level 1:colcon.colcon_core.package_identification:_identify(.) by extension 'colcon_meta'
[1.133s] Level 1:colcon.colcon_core.package_identification:_identify(.) by extensions ['ros']
[1.133s] Level 1:colcon.colcon_core.package_identification:_identify(.) by extension 'ros'
[1.303s] DEBUG:colcon.colcon_core.package_identification:Package '.' with type 'ros.ament_cmake' and name 'motor'
[1.303s] Level 1:colcon.colcon_core.package_discovery:discover_packages(recursive) using defaults
[1.304s] Level 1:colcon.colcon_core.package_discovery:discover_packages(ignore) discover
[1.304s] Level 1:colcon.colcon_core.package_discovery:discover_packages(ignore) using defaults
[1.304s] Level 1:colcon.colcon_core.package_discovery:discover_packages(path) discover
[1.304s] Level 1:colcon.colcon_core.package_discovery:discover_packages(path) using defaults
[1.427s] Level 1:colcon.colcon_core.package_discovery:discover_packages(prefix_path) check parameters
[1.428s] Level 1:colcon.colcon_core.package_discovery:discover_packages(prefix_path) discover
[1.439s] Level 1:colcon.colcon_core.package_discovery:discover_packages(prefix_path) using defaults
[1.446s] Level 5:colcon.colcon_core.verb:set package 'motor' build argument 'cmake_args' from command line to 'None'
[1.446s] Level 5:colcon.colcon_core.verb:set package 'motor' build argument 'cmake_target' from command line to 'None'
[1.446s] Level 5:colcon.colcon_core.verb:set package 'motor' build argument 'cmake_target_skip_unavailable' from command line to 'False'
[1.447s] Level 5:colcon.colcon_core.verb:set package 'motor' build argument 'cmake_clean_cache' from command line to 'False'
[1.447s] Level 5:colcon.colcon_core.verb:set package 'motor' build argument 'cmake_clean_first' from command line to 'False'
[1.447s] Level 5:colcon.colcon_core.verb:set package 'motor' build argument 'cmake_force_configure' from command line to 'False'
[1.447s] Level 5:colcon.colcon_core.verb:set package 'motor' build argument 'ament_cmake_args' from command line to 'None'
[1.447s] Level 5:colcon.colcon_core.verb:set package 'motor' build argument 'catkin_cmake_args' from command line to 'None'
[1.447s] Level 5:colcon.colcon_core.verb:set package 'motor' build argument 'catkin_skip_building_tests' from command line to 'False'
[1.447s] DEBUG:colcon.colcon_core.verb:Building package 'motor' with the following arguments: {'ament_cmake_args': None, 'build_base': '/home/olia/ros2_ws/src/motor/build/motor', 'catkin_cmake_args': None, 'catkin_skip_building_tests': False, 'cmake_args': None, 'cmake_clean_cache': False, 'cmake_clean_first': False, 'cmake_force_configure': False, 'cmake_target': None, 'cmake_target_skip_unavailable': False, 'install_base': '/home/olia/ros2_ws/src/motor/install/motor', 'merge_install': False, 'path': '/home/olia/ros2_ws/src/motor', 'symlink_install': False, 'test_result_base': None}
[1.448s] INFO:colcon.colcon_core.executor:Executing jobs using 'parallel' executor
[1.451s] DEBUG:colcon.colcon_parallel_executor.executor.parallel:run_until_complete
[1.452s] INFO:colcon.colcon_ros.task.ament_cmake.build:Building ROS package in '/home/olia/ros2_ws/src/motor' with build type 'ament_cmake'
[1.453s] INFO:colcon.colcon_cmake.task.cmake.build:Building CMake package in '/home/olia/ros2_ws/src/motor'
[1.476s] INFO:colcon.colcon_core.plugin_system:Skipping extension 'colcon_core.shell.bat': Not used on non-Windows systems
[1.478s] INFO:colcon.colcon_core.shell:Skip shell extension 'powershell' for command environment: Not usable outside of PowerShell
[1.478s] DEBUG:colcon.colcon_core.shell:Skip shell extension 'dsv' for command environment
[1.508s] DEBUG:colcon.colcon_core.event_handler.log_command:Invoking command in '/home/olia/ros2_ws/src/motor/build/motor': DEBUGINFOD_URLS=https://debuginfod.ubuntu.com /usr/bin/cmake --build /home/olia/ros2_ws/src/motor/build/motor -- -j4 -l4
[20.761s] DEBUG:colcon.colcon_core.event_handler.log_command:Invoked command in '/home/olia/ros2_ws/src/motor/build/motor' returned '2': DEBUGINFOD_URLS=https://debuginfod.ubuntu.com /usr/bin/cmake --build /home/olia/ros2_ws/src/motor/build/motor -- -j4 -l4
[20.895s] Level 1:colcon.colcon_core.environment:create_environment_scripts_only(motor)
[21.565s] Level 1:colcon.colcon_core.environment:checking '/home/olia/ros2_ws/src/motor/install/motor' for CMake module files
[21.597s] Level 1:colcon.colcon_core.environment:checking '/home/olia/ros2_ws/src/motor/install/motor' for CMake config files
[21.599s] Level 1:colcon.colcon_core.shell:create_environment_hook('motor', 'cmake_prefix_path')
[21.600s] INFO:colcon.colcon_core.shell:Creating environment hook '/home/olia/ros2_ws/src/motor/install/motor/share/motor/hook/cmake_prefix_path.ps1'
[21.618s] INFO:colcon.colcon_core.shell:Creating environment descriptor '/home/olia/ros2_ws/src/motor/install/motor/share/motor/hook/cmake_prefix_path.dsv'
[21.631s] INFO:colcon.colcon_core.shell:Creating environment hook '/home/olia/ros2_ws/src/motor/install/motor/share/motor/hook/cmake_prefix_path.sh'
[21.643s] Level 1:colcon.colcon_core.environment:checking '/home/olia/ros2_ws/src/motor/install/motor/lib'
[21.645s] Level 1:colcon.colcon_core.environment:checking '/home/olia/ros2_ws/src/motor/install/motor/bin'
[21.645s] Level 1:colcon.colcon_core.environment:checking '/home/olia/ros2_ws/src/motor/install/motor/lib/pkgconfig/motor.pc'
[21.657s] Level 1:colcon.colcon_core.environment:checking '/home/olia/ros2_ws/src/motor/install/motor/lib/python3.12/site-packages'
[21.657s] Level 1:colcon.colcon_core.environment:checking '/home/olia/ros2_ws/src/motor/install/motor/bin'
[21.658s] INFO:colcon.colcon_core.shell:Creating package script '/home/olia/ros2_ws/src/motor/install/motor/share/motor/package.ps1'
[21.670s] INFO:colcon.colcon_core.shell:Creating package descriptor '/home/olia/ros2_ws/src/motor/install/motor/share/motor/package.dsv'
[21.722s] ERROR:colcon.colcon_core.environment:Exception in shell extension 'dsv': [Errno 13] Permission denied: '/home/olia/ros2_ws/src/motor/install/motor/share/motor/package.dsv'
Traceback (most recent call last):
  File "/usr/lib/python3/dist-packages/colcon_core/environment/__init__.py", line 141, in create_environment_scripts_only
    scripts = extension.create_package_script(
              ^^^^^^^^^^^^^^^^^^^^^^^^^^^^^^^^
  File "/usr/lib/python3/dist-packages/colcon_core/shell/dsv.py", line 30, in create_package_script
    expand_template(
  File "/usr/lib/python3/dist-packages/colcon_core/shell/template/__init__.py", line 54, in expand_template
    with destination_path.open('w') as h:
         ^^^^^^^^^^^^^^^^^^^^^^^^^^
  File "/usr/lib/python3.12/pathlib.py", line 1015, in open
    return io.open(self, mode, buffering, encoding, errors, newline)
           ^^^^^^^^^^^^^^^^^^^^^^^^^^^^^^^^^^^^^^^^^^^^^^^^^^^^^^^^^
PermissionError: [Errno 13] Permission denied: '/home/olia/ros2_ws/src/motor/install/motor/share/motor/package.dsv'

[21.723s] INFO:colcon.colcon_core.shell:Creating package script '/home/olia/ros2_ws/src/motor/install/motor/share/motor/package.sh'
[21.759s] INFO:colcon.colcon_core.shell:Creating package script '/home/olia/ros2_ws/src/motor/install/motor/share/motor/package.bash'
[21.815s] INFO:colcon.colcon_core.shell:Creating package script '/home/olia/ros2_ws/src/motor/install/motor/share/motor/package.zsh'
[21.841s] Level 1:colcon.colcon_core.environment:create_file_with_runtime_dependencies(/home/olia/ros2_ws/src/motor/install/motor/share/colcon-core/packages/motor)
[21.864s] DEBUG:colcon.colcon_parallel_executor.executor.parallel:closing loop
[21.864s] DEBUG:colcon.colcon_parallel_executor.executor.parallel:loop closed
[21.865s] DEBUG:colcon.colcon_parallel_executor.executor.parallel:run_until_complete finished with '2'
[21.865s] DEBUG:colcon.colcon_core.event_reactor:joining thread
[21.918s] INFO:colcon.colcon_core.plugin_system:Skipping extension 'colcon_notification.desktop_notification.terminal_notifier': Not used on non-Darwin systems
[21.919s] INFO:colcon.colcon_core.plugin_system:Skipping extension 'colcon_notification.desktop_notification.win32': Not used on non-Windows systems
[21.919s] INFO:colcon.colcon_notification.desktop_notification:Sending desktop notification using 'notify2'
[21.924s] DEBUG:colcon.colcon_notification.desktop_notification.notify2:Failed to initialize notify2: org.freedesktop.DBus.Error.ServiceUnknown: The name org.freedesktop.Notifications was not provided by any .service files
[21.925s] DEBUG:colcon.colcon_core.event_reactor:joined thread
[21.925s] INFO:colcon.colcon_core.shell:Creating prefix script '/home/olia/ros2_ws/src/motor/install/local_setup.ps1'
[21.946s] INFO:colcon.colcon_core.shell:Creating prefix util module '/home/olia/ros2_ws/src/motor/install/_local_setup_util_ps1.py'
[21.966s] INFO:colcon.colcon_core.shell:Creating prefix chain script '/home/olia/ros2_ws/src/motor/install/setup.ps1'
[21.981s] INFO:colcon.colcon_core.shell:Creating prefix script '/home/olia/ros2_ws/src/motor/install/local_setup.sh'
[21.992s] INFO:colcon.colcon_core.shell:Creating prefix util module '/home/olia/ros2_ws/src/motor/install/_local_setup_util_sh.py'
[22.003s] INFO:colcon.colcon_core.shell:Creating prefix chain script '/home/olia/ros2_ws/src/motor/install/setup.sh'
[22.017s] INFO:colcon.colcon_core.shell:Creating prefix script '/home/olia/ros2_ws/src/motor/install/local_setup.bash'
[22.036s] INFO:colcon.colcon_core.shell:Creating prefix chain script '/home/olia/ros2_ws/src/motor/install/setup.bash'
[22.059s] INFO:colcon.colcon_core.shell:Creating prefix script '/home/olia/ros2_ws/src/motor/install/local_setup.zsh'
[22.072s] INFO:colcon.colcon_core.shell:Creating prefix chain script '/home/olia/ros2_ws/src/motor/install/setup.zsh'
