[0.059s] Invoking command in '/home/olia/ros2_ws/src/motor/build/motor': CMAKE_PREFIX_PATH=${CMAKE_PREFIX_PATH}:/opt/ros/jazzy DEBUGINFOD_URLS=https://debuginfod.ubuntu.com /usr/bin/cmake --build /home/olia/ros2_ws/src/motor/build/motor -- -j4 -l4
[0.210s] -- Found ament_cmake: 2.5.2 (/opt/ros/jazzy/share/ament_cmake/cmake)
[1.290s] -- Found rclcpp: 28.1.3 (/opt/ros/jazzy/share/rclcpp/cmake)
[1.476s] -- Found rosidl_generator_c: 4.6.3 (/opt/ros/jazzy/share/rosidl_generator_c/cmake)
[1.516s] -- Found rosidl_generator_cpp: 4.6.3 (/opt/ros/jazzy/share/rosidl_generator_cpp/cmake)
[1.565s] -- Using all available rosidl_typesupport_c: rosidl_typesupport_fastrtps_c;rosidl_typesupport_introspection_c
[1.621s] -- Using all available rosidl_typesupport_cpp: rosidl_typesupport_fastrtps_cpp;rosidl_typesupport_introspection_cpp
[1.852s] -- Found rmw_implementation_cmake: 7.3.1 (/opt/ros/jazzy/share/rmw_implementation_cmake/cmake)
[1.858s] -- Found rmw_fastrtps_cpp: 8.4.1 (/opt/ros/jazzy/share/rmw_fastrtps_cpp/cmake)
[2.158s] -- Using RMW implementation 'rmw_fastrtps_cpp' as default
[2.611s] [31mCMake Error at CMakeLists.txt:11 (find_package):
[2.611s]   By not providing "Findstd_msg.cmake" in CMAKE_MODULE_PATH this project has
[2.612s]   asked CMake to find a package configuration file provided by "std_msg", but
[2.612s]   CMake did not find one.
[2.613s] 
[2.613s]   Could not find a package configuration file provided by "std_msg" with any
[2.613s]   of the following names:
[2.613s] 
[2.614s]     std_msgConfig.cmake
[2.614s]     std_msg-config.cmake
[2.614s] 
[2.615s]   Add the installation prefix of "std_msg" to CMAKE_PREFIX_PATH or set
[2.615s]   "std_msg_DIR" to a directory containing one of the above files.  If
[2.616s]   "std_msg" provides a separate development package or SDK, be sure it has
[2.616s]   been installed.
[2.616s] 
[2.617s] [0m
[2.617s] -- Configuring incomplete, errors occurred!
[2.641s] gmake: *** [Makefile:267: cmake_check_build_system] Error 1
[2.649s] Invoked command in '/home/olia/ros2_ws/src/motor/build/motor' returned '2': CMAKE_PREFIX_PATH=${CMAKE_PREFIX_PATH}:/opt/ros/jazzy DEBUGINFOD_URLS=https://debuginfod.ubuntu.com /usr/bin/cmake --build /home/olia/ros2_ws/src/motor/build/motor -- -j4 -l4
