[0.076s] Invoking command in '/home/olia/ros2_ws/src/motor/build/motor': CMAKE_PREFIX_PATH=${CMAKE_PREFIX_PATH}:/opt/ros/jazzy DEBUGINFOD_URLS=https://debuginfod.ubuntu.com /usr/bin/cmake --build /home/olia/ros2_ws/src/motor/build/motor -- -j4 -l4
[1.221s] [ 50%] [32mBuilding CXX object CMakeFiles/motor.dir/src/driver.cpp.o[0m
[25.797s] [ 50%] [32m[1mLinking CXX executable motor[0m
[27.251s] /usr/bin/ld: CMakeFiles/motor.dir/src/driver.cpp.o: in function `main':
[27.253s] driver.cpp:(.text+0x134): undefined reference to `gpiod::chip::chip(std::filesystem::__cxx11::path const&)'
[27.254s] /usr/bin/ld: driver.cpp:(.text+0x154): undefined reference to `gpiod::chip::get_line_info(gpiod::line::offset) const'
[27.254s] /usr/bin/ld: driver.cpp:(.text+0x18c): undefined reference to `gpiod::line_info::offset() const'
[27.256s] /usr/bin/ld: driver.cpp:(.text+0x1e4): undefined reference to `gpiod::line_info::name[abi:cxx11]() const'
[27.257s] /usr/bin/ld: driver.cpp:(.text+0x244): undefined reference to `gpiod::line_info::name[abi:cxx11]() const'
[27.259s] /usr/bin/ld: driver.cpp:(.text+0x294): undefined reference to `gpiod::line_info::consumer[abi:cxx11]() const'
[27.259s] /usr/bin/ld: driver.cpp:(.text+0x2f4): undefined reference to `gpiod::line_info::consumer[abi:cxx11]() const'
[27.260s] /usr/bin/ld: driver.cpp:(.text+0x33c): undefined reference to `gpiod::line_info::direction() const'
[27.260s] /usr/bin/ld: driver.cpp:(.text+0x39c): undefined reference to `gpiod::line_info::active_low() const'
[27.260s] /usr/bin/ld: driver.cpp:(.text+0x4c4): undefined reference to `gpiod::line_info::~line_info()'
[27.261s] /usr/bin/ld: driver.cpp:(.text+0x4cc): undefined reference to `gpiod::chip::~chip()'
[27.261s] /usr/bin/ld: driver.cpp:(.text+0x5f8): undefined reference to `gpiod::line_info::~line_info()'
[27.261s] /usr/bin/ld: driver.cpp:(.text+0x608): undefined reference to `gpiod::chip::~chip()'
[27.334s] collect2: error: ld returned 1 exit status
[27.340s] gmake[2]: *** [CMakeFiles/motor.dir/build.make:171: motor] Error 1
[27.342s] gmake[1]: *** [CMakeFiles/Makefile2:137: CMakeFiles/motor.dir/all] Error 2
[27.343s] gmake: *** [Makefile:146: all] Error 2
[27.352s] Invoked command in '/home/olia/ros2_ws/src/motor/build/motor' returned '2': CMAKE_PREFIX_PATH=${CMAKE_PREFIX_PATH}:/opt/ros/jazzy DEBUGINFOD_URLS=https://debuginfod.ubuntu.com /usr/bin/cmake --build /home/olia/ros2_ws/src/motor/build/motor -- -j4 -l4
