-- Found ament_cmake: 2.5.2 (/opt/ros/jazzy/share/ament_cmake/cmake)
-- Found rclcpp: 28.1.3 (/opt/ros/jazzy/share/rclcpp/cmake)
-- Found rosidl_generator_c: 4.6.3 (/opt/ros/jazzy/share/rosidl_generator_c/cmake)
-- Found rosidl_generator_cpp: 4.6.3 (/opt/ros/jazzy/share/rosidl_generator_cpp/cmake)
-- Using all available rosidl_typesupport_c: rosidl_typesupport_fastrtps_c;rosidl_typesupport_introspection_c
-- Using all available rosidl_typesupport_cpp: rosidl_typesupport_fastrtps_cpp;rosidl_typesupport_introspection_cpp
-- Found rmw_implementation_cmake: 7.3.1 (/opt/ros/jazzy/share/rmw_implementation_cmake/cmake)
-- Found rmw_fastrtps_cpp: 8.4.1 (/opt/ros/jazzy/share/rmw_fastrtps_cpp/cmake)
-- Using RMW implementation 'rmw_fastrtps_cpp' as default
-- Found std_msgs: 5.3.5 (/opt/ros/jazzy/share/std_msgs/cmake)
-- Configuring done (3.4s)
-- Generating done (0.1s)
-- Build files have been written to: /home/olia/ros2_ws/src/motor/build/motor
[ 25%] [32mBuilding CXX object CMakeFiles/lines.dir/src/multi_line.cpp.o[0m
[ 50%] [32mBuilding CXX object CMakeFiles/motor.dir/src/driver.cpp.o[0m
[01m[K/home/olia/ros2_ws/src/motor/src/multi_line.cpp:[m[K In function ‘[01m[Kint[01;32m[K main[m[K(int, char**)[m[K’:
[01m[K/home/olia/ros2_ws/src/motor/src/multi_line.cpp:19:9:[m[K [01;35m[Kwarning: [m[Kvariable ‘[01m[Kreq[m[K’ set but not used [[01;35m[K-Wunused-but-set-variable[m[K]
   19 |     int [01;35m[Kreq[m[K, value;
      |         [01;35m[K^~~[m[K
[01m[K/home/olia/ros2_ws/src/motor/src/multi_line.cpp:13:14:[m[K [01;35m[Kwarning: [m[Kunused parameter ‘[01m[Kargc[m[K’ [[01;35m[K-Wunused-parameter[m[K]
   13 | int main([01;35m[Kint argc[m[K, char * argv[]) {
      |          [01;35m[K~~~~^~~~[m[K
[01m[K/home/olia/ros2_ws/src/motor/src/multi_line.cpp:13:27:[m[K [01;35m[Kwarning: [m[Kunused parameter ‘[01m[Kargv[m[K’ [[01;35m[K-Wunused-parameter[m[K]
   13 | int main(int argc, [01;35m[Kchar * argv[][m[K) {
      |                    [01;35m[K~~~~~~~^~~~~~[m[K
[ 75%] [32m[1mLinking CXX executable lines[0m
[ 75%] Built target lines
[100%] [32m[1mLinking CXX executable motor[0m
/usr/bin/ld: cannot open output file motor: Permission denied
collect2: error: ld returned 1 exit status
gmake[2]: *** [CMakeFiles/motor.dir/build.make:172: motor] Error 1
gmake[1]: *** [CMakeFiles/Makefile2:139: CMakeFiles/motor.dir/all] Error 2
gmake: *** [Makefile:146: all] Error 2
