[0.056s] Invoking command in '/home/olia/ros2_ws/src/motor/build/motor': CMAKE_PREFIX_PATH=${CMAKE_PREFIX_PATH}:/opt/ros/jazzy DEBUGINFOD_URLS=https://debuginfod.ubuntu.com /usr/bin/cmake --build /home/olia/ros2_ws/src/motor/build/motor -- -j4 -l4
[0.216s] -- Found ament_cmake: 2.5.2 (/opt/ros/jazzy/share/ament_cmake/cmake)
[1.350s] -- Found rclcpp: 28.1.3 (/opt/ros/jazzy/share/rclcpp/cmake)
[1.624s] -- Found rosidl_generator_c: 4.6.3 (/opt/ros/jazzy/share/rosidl_generator_c/cmake)
[1.694s] -- Found rosidl_generator_cpp: 4.6.3 (/opt/ros/jazzy/share/rosidl_generator_cpp/cmake)
[1.769s] -- Using all available rosidl_typesupport_c: rosidl_typesupport_fastrtps_c;rosidl_typesupport_introspection_c
[1.862s] -- Using all available rosidl_typesupport_cpp: rosidl_typesupport_fastrtps_cpp;rosidl_typesupport_introspection_cpp
[2.235s] -- Found rmw_implementation_cmake: 7.3.1 (/opt/ros/jazzy/share/rmw_implementation_cmake/cmake)
[2.251s] -- Found rmw_fastrtps_cpp: 8.4.1 (/opt/ros/jazzy/share/rmw_fastrtps_cpp/cmake)
[2.671s] -- Using RMW implementation 'rmw_fastrtps_cpp' as default
[3.098s] -- Found std_msgs: 5.3.5 (/opt/ros/jazzy/share/std_msgs/cmake)
[3.625s] -- Configuring done (3.4s)
[3.760s] -- Generating done (0.1s)
[3.789s] -- Build files have been written to: /home/olia/ros2_ws/src/motor/build/motor
[4.018s] [ 25%] [32mBuilding CXX object CMakeFiles/lines.dir/src/multi_line.cpp.o[0m
[4.534s] [ 50%] [32mBuilding CXX object CMakeFiles/motor.dir/src/driver.cpp.o[0m
[8.902s] [01m[K/home/olia/ros2_ws/src/motor/src/multi_line.cpp:[m[K In function ‘[01m[Kint[01;32m[K main[m[K(int, char**)[m[K’:
[8.903s] [01m[K/home/olia/ros2_ws/src/motor/src/multi_line.cpp:19:9:[m[K [01;35m[Kwarning: [m[Kvariable ‘[01m[Kreq[m[K’ set but not used [[01;35m[K-Wunused-but-set-variable[m[K]
[8.904s]    19 |     int [01;35m[Kreq[m[K, value;
[8.905s]       |         [01;35m[K^~~[m[K
[8.905s] [01m[K/home/olia/ros2_ws/src/motor/src/multi_line.cpp:13:14:[m[K [01;35m[Kwarning: [m[Kunused parameter ‘[01m[Kargc[m[K’ [[01;35m[K-Wunused-parameter[m[K]
[8.906s]    13 | int main([01;35m[Kint argc[m[K, char * argv[]) {
[8.906s]       |          [01;35m[K~~~~^~~~[m[K
[8.907s] [01m[K/home/olia/ros2_ws/src/motor/src/multi_line.cpp:13:27:[m[K [01;35m[Kwarning: [m[Kunused parameter ‘[01m[Kargv[m[K’ [[01;35m[K-Wunused-parameter[m[K]
[8.908s]    13 | int main(int argc, [01;35m[Kchar * argv[][m[K) {
[8.908s]       |                    [01;35m[K~~~~~~~^~~~~~[m[K
[9.508s] [ 75%] [32m[1mLinking CXX executable lines[0m
[10.099s] [ 75%] Built target lines
[28.432s] [100%] [32m[1mLinking CXX executable motor[0m
[28.538s] /usr/bin/ld: cannot open output file motor: Permission denied
[28.543s] collect2: error: ld returned 1 exit status
[28.550s] gmake[2]: *** [CMakeFiles/motor.dir/build.make:172: motor] Error 1
[28.551s] gmake[1]: *** [CMakeFiles/Makefile2:139: CMakeFiles/motor.dir/all] Error 2
[28.552s] gmake: *** [Makefile:146: all] Error 2
[28.562s] Invoked command in '/home/olia/ros2_ws/src/motor/build/motor' returned '2': CMAKE_PREFIX_PATH=${CMAKE_PREFIX_PATH}:/opt/ros/jazzy DEBUGINFOD_URLS=https://debuginfod.ubuntu.com /usr/bin/cmake --build /home/olia/ros2_ws/src/motor/build/motor -- -j4 -l4
