[ 50%] [32mBuilding CXX object CMakeFiles/motor.dir/src/driver.cpp.o[0m
[01m[K/home/olia/ros2_ws/src/motor/src/driver.cpp:[m[K In function ‘[01m[Kint[01;32m[K main[m[K(int, char**)[m[K’:
[01m[K/home/olia/ros2_ws/src/motor/src/driver.cpp:91:50:[m[K [01;31m[Kerror: [m[Kcannot convert ‘[01m[Kgpiod_line*[m[K’ to ‘[01m[Kmain(int, char**)::gpio_line*[m[K’ in initialization
   91 |     struct gpio_line *line2 = [01;31m[Kgpiod_chip_get_line(chip, 20)[m[K;
      |                               [01;31m[K~~~~~~~~~~~~~~~~~~~^~~~~~~~~~[m[K
      |                                                  [01;31m[K|[m[K
      |                                                  [01;31m[Kgpiod_line*[m[K
In file included from [01m[K/usr/include/gpiod.hpp:13[m[K,
                 from [01m[K/home/olia/ros2_ws/src/motor/src/driver.cpp:5[m[K:
[01m[K/usr/include/gpiod.h:47:8:[m[K [01;36m[Knote: [m[Kclass type ‘[01m[Kgpiod_line[m[K’ is incomplete
   47 | struct [01;36m[Kgpiod_line[m[K;
      |        [01;36m[K^~~~~~~~~~[m[K
[01m[K/home/olia/ros2_ws/src/motor/src/driver.cpp:99:31:[m[K [01;31m[Kerror: [m[Kcannot convert ‘[01m[Kmain(int, char**)::gpio_line*[m[K’ to ‘[01m[Kgpiod_line*[m[K’
   99 |     gpiod_line_request_output([01;31m[Kline2[m[K, "example", 0);
      |                               [01;31m[K^~~~~[m[K
      |                               [01;31m[K|[m[K
      |                               [01;31m[Kmain(int, char**)::gpio_line*[m[K
[01m[K/usr/include/gpiod.h:1049:50:[m[K [01;36m[Knote: [m[K  initializing argument 1 of ‘[01m[Kint[01;32m[K gpiod_line_request_output[m[K(gpiod_line*, const char*, int)[m[K’
 1049 | int gpiod_line_request_output([01;36m[Kstruct gpiod_line *line[m[K,
      |                               [01;36m[K~~~~~~~~~~~~~~~~~~~^~~~[m[K
[01m[K/home/olia/ros2_ws/src/motor/src/driver.cpp:91:12:[m[K [01;36m[Knote: [m[Kclass type ‘[01m[Kmain(int, char**)::gpio_line[m[K’ is incomplete
   91 |     struct [01;36m[Kgpio_line[m[K *line2 = gpiod_chip_get_line(chip, 20);
      |            [01;36m[K^~~~~~~~~[m[K
gmake[2]: *** [CMakeFiles/motor.dir/build.make:76: CMakeFiles/motor.dir/src/driver.cpp.o] Error 1
gmake[1]: *** [CMakeFiles/Makefile2:137: CMakeFiles/motor.dir/all] Error 2
gmake: *** [Makefile:146: all] Error 2
