[0.036s] Invoking command in '/home/olia/ros2_ws/src/motor/build/motor': /usr/bin/cmake --build /home/olia/ros2_ws/src/motor/build/motor -- -j4 -l4
[0.262s] [ 50%] Built target lines
[0.305s] [ 75%] [32mBuilding CXX object CMakeFiles/motor.dir/src/driver.cpp.o[0m
[21.907s] [100%] [32m[1mLinking CXX executable motor[0m
[23.288s] [100%] Built target motor
[23.336s] Invoked command in '/home/olia/ros2_ws/src/motor/build/motor' returned '0': /usr/bin/cmake --build /home/olia/ros2_ws/src/motor/build/motor -- -j4 -l4
[23.510s] Invoking command in '/home/olia/ros2_ws/src/motor/build/motor': /usr/bin/cmake --install /home/olia/ros2_ws/src/motor/build/motor
[23.544s] -- Install configuration: ""
[23.545s] -- Installing: /home/olia/ros2_ws/src/motor/install/motor/lib/motor/motor
[23.554s] -- Set non-toolchain portion of runtime path of "/home/olia/ros2_ws/src/motor/install/motor/lib/motor/motor" to ""
[23.555s] -- Installing: /home/olia/ros2_ws/src/motor/install/motor/lib/motor/lines
[23.558s] -- Installing: /home/olia/ros2_ws/src/motor/install/motor/share/ament_index/resource_index/package_run_dependencies/motor
[23.560s] -- Installing: /home/olia/ros2_ws/src/motor/install/motor/share/ament_index/resource_index/parent_prefix_path/motor
[23.562s] -- Up-to-date: /home/olia/ros2_ws/src/motor/install/motor/share/motor/environment/ament_prefix_path.sh
[23.562s] -- Up-to-date: /home/olia/ros2_ws/src/motor/install/motor/share/motor/environment/ament_prefix_path.dsv
[23.563s] -- Up-to-date: /home/olia/ros2_ws/src/motor/install/motor/share/motor/environment/path.sh
[23.563s] -- Up-to-date: /home/olia/ros2_ws/src/motor/install/motor/share/motor/environment/path.dsv
[23.563s] -- Up-to-date: /home/olia/ros2_ws/src/motor/install/motor/share/motor/local_setup.bash
[23.564s] -- Up-to-date: /home/olia/ros2_ws/src/motor/install/motor/share/motor/local_setup.sh
[23.564s] -- Up-to-date: /home/olia/ros2_ws/src/motor/install/motor/share/motor/local_setup.zsh
[23.565s] -- Up-to-date: /home/olia/ros2_ws/src/motor/install/motor/share/motor/local_setup.dsv
[23.565s] -- Installing: /home/olia/ros2_ws/src/motor/install/motor/share/motor/package.dsv
[23.566s] -- Up-to-date: /home/olia/ros2_ws/src/motor/install/motor/share/ament_index/resource_index/packages/motor
[23.566s] -- Up-to-date: /home/olia/ros2_ws/src/motor/install/motor/share/motor/cmake/motorConfig.cmake
[23.567s] -- Up-to-date: /home/olia/ros2_ws/src/motor/install/motor/share/motor/cmake/motorConfig-version.cmake
[23.567s] -- Installing: /home/olia/ros2_ws/src/motor/install/motor/share/motor/package.xml
[23.574s] Invoked command in '/home/olia/ros2_ws/src/motor/build/motor' returned '0': /usr/bin/cmake --install /home/olia/ros2_ws/src/motor/build/motor
