[0.061s] Invoking command in '/home/olia/ros2_ws/src/motor/build/motor': CMAKE_PREFIX_PATH=${CMAKE_PREFIX_PATH}:/opt/ros/jazzy DEBUGINFOD_URLS=https://debuginfod.ubuntu.com /usr/bin/cmake --build /home/olia/ros2_ws/src/motor/build/motor -- -j4 -l4
[0.471s] [ 50%] [32mBuilding CXX object CMakeFiles/motor.dir/src/driver.cpp.o[0m
[11.424s] [01m[K/home/olia/ros2_ws/src/motor/src/driver.cpp:[m[K In function ‘[01m[Kint[01;32m[K main[m[K(int, char**)[m[K’:
[11.425s] [01m[K/home/olia/ros2_ws/src/motor/src/driver.cpp:83:31:[m[K [01;31m[Kerror: [m[Ktoo many arguments to function ‘[01m[Kgpiod_chip_info*[01;32m[K gpiod_chip_get_info[m[K(gpiod_chip*)[m[K’
[11.425s]    83 |     line = [01;31m[Kgpiod_chip_get_info(chip, 21)[m[K;
[11.425s]       |            [01;31m[K~~~~~~~~~~~~~~~~~~~^~~~~~~~~~[m[K
[11.427s] In file included from [01m[K/home/olia/ros2_ws/src/motor/src/driver.cpp:5[m[K:
[11.427s] [01m[K/usr/include/gpiod.h:191:25:[m[K [01;36m[Knote: [m[Kdeclared here
[11.428s]   191 | struct gpiod_chip_info *[01;36m[Kgpiod_chip_get_info[m[K(struct gpiod_chip *chip);
[11.428s]       |                         [01;36m[K^~~~~~~~~~~~~~~~~~~[m[K
[11.429s] [01m[K/home/olia/ros2_ws/src/motor/src/driver.cpp:83:31:[m[K [01;31m[Kerror: [m[Kcannot convert ‘[01m[Kgpiod_chip_info*[m[K’ to ‘[01m[Kmain(int, char**)::gpiod_line*[m[K’ in assignment
[11.429s]    83 |     line = [01;31m[Kgpiod_chip_get_info(chip, 21)[m[K;
[11.430s]       |            [01;31m[K~~~~~~~~~~~~~~~~~~~^~~~~~~~~~[m[K
[11.430s]       |                               [01;31m[K|[m[K
[11.430s]       |                               [01;31m[Kgpiod_chip_info*[m[K
[11.431s] [01m[K/usr/include/gpiod.h:73:8:[m[K [01;36m[Knote: [m[Kclass type ‘[01m[Kgpiod_chip_info[m[K’ is incomplete
[11.431s]    73 | struct [01;36m[Kgpiod_chip_info[m[K;
[11.432s]       |        [01;36m[K^~~~~~~~~~~~~~~[m[K
[11.432s] [01m[K/home/olia/ros2_ws/src/motor/src/driver.cpp:88:37:[m[K [01;31m[Kerror: [m[Kcannot convert ‘[01m[Kmain(int, char**)::gpiod_line*[m[K’ to ‘[01m[Kgpiod_line_request*[m[K’
[11.433s]    88 |     req = gpiod_line_request_get_fd([01;31m[Kline[m[K, "gpio_state");
[11.433s]       |                                     [01;31m[K^~~~[m[K
[11.433s]       |                                     [01;31m[K|[m[K
[11.434s]       |                                     [01;31m[Kmain(int, char**)::gpiod_line*[m[K
[11.434s] [01m[K/usr/include/gpiod.h:1161:58:[m[K [01;36m[Knote: [m[K  initializing argument 1 of ‘[01m[Kint[01;32m[K gpiod_line_request_get_fd[m[K(gpiod_line_request*)[m[K’
[11.435s]  1161 | int gpiod_line_request_get_fd([01;36m[Kstruct gpiod_line_request *request[m[K);
[11.435s]       |                               [01;36m[K~~~~~~~~~~~~~~~~~~~~~~~~~~~^~~~~~~[m[K
[11.435s] [01m[K/home/olia/ros2_ws/src/motor/src/driver.cpp:77:12:[m[K [01;36m[Knote: [m[Kclass type ‘[01m[Kmain(int, char**)::gpiod_line[m[K’ is incomplete
[11.436s]    77 |     struct [01;36m[Kgpiod_line[m[K *line;
[11.436s]       |            [01;36m[K^~~~~~~~~~[m[K
[11.436s] [01m[K/home/olia/ros2_ws/src/motor/src/driver.cpp:93:13:[m[K [01;31m[Kerror: [m[Kinvalid cast from type ‘[01m[Kmain(int, char**)::gpiod_line*[m[K’ to type ‘[01m[Kgpiod_line_value[m[K’
[11.437s]    93 |     value = [01;31m[Kgpiod_line_value(line)[m[K;
[11.437s]       |             [01;31m[K^~~~~~~~~~~~~~~~~~~~~~[m[K
[15.904s] gmake[2]: *** [CMakeFiles/motor.dir/build.make:76: CMakeFiles/motor.dir/src/driver.cpp.o] Error 1
[15.905s] gmake[1]: *** [CMakeFiles/Makefile2:137: CMakeFiles/motor.dir/all] Error 2
[15.906s] gmake: *** [Makefile:146: all] Error 2
[15.913s] Invoked command in '/home/olia/ros2_ws/src/motor/build/motor' returned '2': CMAKE_PREFIX_PATH=${CMAKE_PREFIX_PATH}:/opt/ros/jazzy DEBUGINFOD_URLS=https://debuginfod.ubuntu.com /usr/bin/cmake --build /home/olia/ros2_ws/src/motor/build/motor -- -j4 -l4
