[01m[K/home/olia/ros2_ws/src/motor/src/driver.cpp:[m[K In function ‘[01m[Kint[01;32m[K main[m[K(int, char**)[m[K’:
[01m[K/home/olia/ros2_ws/src/motor/src/driver.cpp:83:31:[m[K [01;31m[Kerror: [m[Ktoo many arguments to function ‘[01m[Kgpiod_chip_info*[01;32m[K gpiod_chip_get_info[m[K(gpiod_chip*)[m[K’
   83 |     line = [01;31m[Kgpiod_chip_get_info(chip, 21)[m[K;
      |            [01;31m[K~~~~~~~~~~~~~~~~~~~^~~~~~~~~~[m[K
In file included from [01m[K/home/olia/ros2_ws/src/motor/src/driver.cpp:5[m[K:
[01m[K/usr/include/gpiod.h:191:25:[m[K [01;36m[Knote: [m[Kdeclared here
  191 | struct gpiod_chip_info *[01;36m[Kgpiod_chip_get_info[m[K(struct gpiod_chip *chip);
      |                         [01;36m[K^~~~~~~~~~~~~~~~~~~[m[K
[01m[K/home/olia/ros2_ws/src/motor/src/driver.cpp:83:31:[m[K [01;31m[Kerror: [m[Kcannot convert ‘[01m[Kgpiod_chip_info*[m[K’ to ‘[01m[Kmain(int, char**)::gpiod_line*[m[K’ in assignment
   83 |     line = [01;31m[Kgpiod_chip_get_info(chip, 21)[m[K;
      |            [01;31m[K~~~~~~~~~~~~~~~~~~~^~~~~~~~~~[m[K
      |                               [01;31m[K|[m[K
      |                               [01;31m[Kgpiod_chip_info*[m[K
[01m[K/usr/include/gpiod.h:73:8:[m[K [01;36m[Knote: [m[Kclass type ‘[01m[Kgpiod_chip_info[m[K’ is incomplete
   73 | struct [01;36m[Kgpiod_chip_info[m[K;
      |        [01;36m[K^~~~~~~~~~~~~~~[m[K
[01m[K/home/olia/ros2_ws/src/motor/src/driver.cpp:88:37:[m[K [01;31m[Kerror: [m[Kcannot convert ‘[01m[Kmain(int, char**)::gpiod_line*[m[K’ to ‘[01m[Kgpiod_line_request*[m[K’
   88 |     req = gpiod_line_request_get_fd([01;31m[Kline[m[K, "gpio_state");
      |                                     [01;31m[K^~~~[m[K
      |                                     [01;31m[K|[m[K
      |                                     [01;31m[Kmain(int, char**)::gpiod_line*[m[K
[01m[K/usr/include/gpiod.h:1161:58:[m[K [01;36m[Knote: [m[K  initializing argument 1 of ‘[01m[Kint[01;32m[K gpiod_line_request_get_fd[m[K(gpiod_line_request*)[m[K’
 1161 | int gpiod_line_request_get_fd([01;36m[Kstruct gpiod_line_request *request[m[K);
      |                               [01;36m[K~~~~~~~~~~~~~~~~~~~~~~~~~~~^~~~~~~[m[K
[01m[K/home/olia/ros2_ws/src/motor/src/driver.cpp:77:12:[m[K [01;36m[Knote: [m[Kclass type ‘[01m[Kmain(int, char**)::gpiod_line[m[K’ is incomplete
   77 |     struct [01;36m[Kgpiod_line[m[K *line;
      |            [01;36m[K^~~~~~~~~~[m[K
[01m[K/home/olia/ros2_ws/src/motor/src/driver.cpp:93:13:[m[K [01;31m[Kerror: [m[Kinvalid cast from type ‘[01m[Kmain(int, char**)::gpiod_line*[m[K’ to type ‘[01m[Kgpiod_line_value[m[K’
   93 |     value = [01;31m[Kgpiod_line_value(line)[m[K;
      |             [01;31m[K^~~~~~~~~~~~~~~~~~~~~~[m[K
gmake[2]: *** [CMakeFiles/motor.dir/build.make:76: CMakeFiles/motor.dir/src/driver.cpp.o] Error 1
gmake[1]: *** [CMakeFiles/Makefile2:137: CMakeFiles/motor.dir/all] Error 2
gmake: *** [Makefile:146: all] Error 2
