[01m[K/home/olia/ros2_ws/src/motor/src/driver.cpp:[m[K In function ‘[01m[Kint[01;32m[K main[m[K(int, char**)[m[K’:
[01m[K/home/olia/ros2_ws/src/motor/src/driver.cpp:83:55:[m[K [01;31m[Kerror: [m[Kinvalid conversion from ‘[01m[Kint[m[K’ to ‘[01m[Kconst char*[m[K’ [[01;31m[K-fpermissive[m[K]
   83 |     line = gpiod_chip_get_line_offset_from_name(chip, [01;31m[K21[m[K);
      |                                                       [01;31m[K^~[m[K
      |                                                       [01;31m[K|[m[K
      |                                                       [01;31m[Kint[m[K
In file included from [01m[K/home/olia/ros2_ws/src/motor/src/driver.cpp:5[m[K:
[01m[K/usr/include/gpiod.h:275:54:[m[K [01;36m[Knote: [m[K  initializing argument 2 of ‘[01m[Kint[01;32m[K gpiod_chip_get_line_offset_from_name[m[K(gpiod_chip*, const char*)[m[K’
  275 |                                          [01;36m[Kconst char *name[m[K);
      |                                          [01;36m[K~~~~~~~~~~~~^~~~[m[K
[01m[K/home/olia/ros2_ws/src/motor/src/driver.cpp:83:48:[m[K [01;31m[Kerror: [m[Kinvalid conversion from ‘[01m[Kint[m[K’ to ‘[01m[Kmain(int, char**)::gpiod_line*[m[K’ [[01;31m[K-fpermissive[m[K]
   83 |     line = [01;31m[Kgpiod_chip_get_line_offset_from_name(chip, 21)[m[K;
      |            [01;31m[K~~~~~~~~~~~~~~~~~~~~~~~~~~~~~~~~~~~~^~~~~~~~~~[m[K
      |                                                [01;31m[K|[m[K
      |                                                [01;31m[Kint[m[K
[01m[K/home/olia/ros2_ws/src/motor/src/driver.cpp:88:13:[m[K [01;31m[Kerror: [m[Kinvalid cast from type ‘[01m[Kmain(int, char**)::gpiod_line*[m[K’ to type ‘[01m[Kgpiod_line_value[m[K’
   88 |     value = [01;31m[Kgpiod_line_value(line)[m[K;
      |             [01;31m[K^~~~~~~~~~~~~~~~~~~~~~[m[K
[01m[K/home/olia/ros2_ws/src/motor/src/driver.cpp:78:9:[m[K [01;35m[Kwarning: [m[Kunused variable ‘[01m[Kreq[m[K’ [[01;35m[K-Wunused-variable[m[K]
   78 |     int [01;35m[Kreq[m[K, value;
      |         [01;35m[K^~~[m[K
gmake[2]: *** [CMakeFiles/motor.dir/build.make:76: CMakeFiles/motor.dir/src/driver.cpp.o] Error 1
gmake[1]: *** [CMakeFiles/Makefile2:137: CMakeFiles/motor.dir/all] Error 2
gmake: *** [Makefile:146: all] Error 2
