[0.877s] DEBUG:colcon:Command line arguments: ['/usr/bin/colcon', 'build']
[0.877s] DEBUG:colcon:Parsed command line arguments: Namespace(log_base=None, log_level=None, verb_name='build', build_base='build', install_base='install', merge_install=False, symlink_install=False, test_result_base=None, continue_on_error=False, executor='parallel', parallel_workers=4, event_handlers=None, ignore_user_meta=False, metas=['./colcon.meta'], base_paths=['.'], packages_ignore=None, packages_ignore_regex=None, paths=None, packages_up_to=None, packages_up_to_regex=None, packages_above=None, packages_above_and_dependencies=None, packages_above_depth=None, packages_select_by_dep=None, packages_skip_by_dep=None, packages_skip_up_to=None, packages_select_build_failed=False, packages_skip_build_finished=False, packages_select_test_failures=False, packages_skip_test_passed=False, packages_select=None, packages_skip=None, packages_select_regex=None, packages_skip_regex=None, packages_start=None, packages_end=None, allow_overriding=[], cmake_args=None, cmake_target=None, cmake_target_skip_unavailable=False, cmake_clean_cache=False, cmake_clean_first=False, cmake_force_configure=False, ament_cmake_args=None, catkin_cmake_args=None, catkin_skip_building_tests=False, mixin_files=None, mixin=None, verb_parser=<colcon_mixin.mixin.mixin_argument.MixinArgumentDecorator object at 0xffffb045d8e0>, verb_extension=<colcon_core.verb.build.BuildVerb object at 0xffffafbccb30>, main=<bound method BuildVerb.main of <colcon_core.verb.build.BuildVerb object at 0xffffafbccb30>>, mixin_verb=('build',))
[1.229s] Level 1:colcon.colcon_core.package_discovery:discover_packages(colcon_meta) check parameters
[1.229s] Level 1:colcon.colcon_core.package_discovery:discover_packages(recursive) check parameters
[1.230s] Level 1:colcon.colcon_core.package_discovery:discover_packages(ignore) check parameters
[1.230s] Level 1:colcon.colcon_core.package_discovery:discover_packages(path) check parameters
[1.230s] Level 1:colcon.colcon_core.package_discovery:discover_packages(colcon_meta) discover
[1.230s] Level 1:colcon.colcon_core.package_discovery:discover_packages(recursive) discover
[1.230s] INFO:colcon.colcon_core.package_discovery:Crawling recursively for packages in '/home/olia/ros2_ws/src/motor'
[1.231s] Level 1:colcon.colcon_core.package_identification:_identify(.) by extensions ['ignore', 'ignore_ament_install']
[1.231s] Level 1:colcon.colcon_core.package_identification:_identify(.) by extension 'ignore'
[1.232s] Level 1:colcon.colcon_core.package_identification:_identify(.) by extension 'ignore_ament_install'
[1.232s] Level 1:colcon.colcon_core.package_identification:_identify(.) by extensions ['colcon_pkg']
[1.232s] Level 1:colcon.colcon_core.package_identification:_identify(.) by extension 'colcon_pkg'
[1.233s] Level 1:colcon.colcon_core.package_identification:_identify(.) by extensions ['colcon_meta']
[1.233s] Level 1:colcon.colcon_core.package_identification:_identify(.) by extension 'colcon_meta'
[1.233s] Level 1:colcon.colcon_core.package_identification:_identify(.) by extensions ['ros']
[1.233s] Level 1:colcon.colcon_core.package_identification:_identify(.) by extension 'ros'
[1.409s] DEBUG:colcon.colcon_core.package_identification:Package '.' with type 'ros.ament_cmake' and name 'motor'
[1.409s] Level 1:colcon.colcon_core.package_discovery:discover_packages(recursive) using defaults
[1.410s] Level 1:colcon.colcon_core.package_discovery:discover_packages(ignore) discover
[1.410s] Level 1:colcon.colcon_core.package_discovery:discover_packages(ignore) using defaults
[1.410s] Level 1:colcon.colcon_core.package_discovery:discover_packages(path) discover
[1.410s] Level 1:colcon.colcon_core.package_discovery:discover_packages(path) using defaults
[1.539s] Level 1:colcon.colcon_core.package_discovery:discover_packages(prefix_path) check parameters
[1.540s] Level 1:colcon.colcon_core.package_discovery:discover_packages(prefix_path) discover
[1.558s] DEBUG:colcon.colcon_installed_package_information.package_discovery:Found 1 installed packages in /home/olia/ros2_ws/src/motor/install
[1.573s] DEBUG:colcon.colcon_installed_package_information.package_discovery:Found 343 installed packages in /opt/ros/jazzy
[1.581s] Level 1:colcon.colcon_core.package_discovery:discover_packages(prefix_path) using defaults
[1.795s] Level 5:colcon.colcon_core.verb:set package 'motor' build argument 'cmake_args' from command line to 'None'
[1.795s] Level 5:colcon.colcon_core.verb:set package 'motor' build argument 'cmake_target' from command line to 'None'
[1.796s] Level 5:colcon.colcon_core.verb:set package 'motor' build argument 'cmake_target_skip_unavailable' from command line to 'False'
[1.796s] Level 5:colcon.colcon_core.verb:set package 'motor' build argument 'cmake_clean_cache' from command line to 'False'
[1.796s] Level 5:colcon.colcon_core.verb:set package 'motor' build argument 'cmake_clean_first' from command line to 'False'
[1.796s] Level 5:colcon.colcon_core.verb:set package 'motor' build argument 'cmake_force_configure' from command line to 'False'
[1.796s] Level 5:colcon.colcon_core.verb:set package 'motor' build argument 'ament_cmake_args' from command line to 'None'
[1.796s] Level 5:colcon.colcon_core.verb:set package 'motor' build argument 'catkin_cmake_args' from command line to 'None'
[1.796s] Level 5:colcon.colcon_core.verb:set package 'motor' build argument 'catkin_skip_building_tests' from command line to 'False'
[1.796s] DEBUG:colcon.colcon_core.verb:Building package 'motor' with the following arguments: {'ament_cmake_args': None, 'build_base': '/home/olia/ros2_ws/src/motor/build/motor', 'catkin_cmake_args': None, 'catkin_skip_building_tests': False, 'cmake_args': None, 'cmake_clean_cache': False, 'cmake_clean_first': False, 'cmake_force_configure': False, 'cmake_target': None, 'cmake_target_skip_unavailable': False, 'install_base': '/home/olia/ros2_ws/src/motor/install/motor', 'merge_install': False, 'path': '/home/olia/ros2_ws/src/motor', 'symlink_install': False, 'test_result_base': None}
[1.797s] INFO:colcon.colcon_core.executor:Executing jobs using 'parallel' executor
[1.800s] DEBUG:colcon.colcon_parallel_executor.executor.parallel:run_until_complete
[1.801s] INFO:colcon.colcon_ros.task.ament_cmake.build:Building ROS package in '/home/olia/ros2_ws/src/motor' with build type 'ament_cmake'
[1.801s] INFO:colcon.colcon_cmake.task.cmake.build:Building CMake package in '/home/olia/ros2_ws/src/motor'
[1.823s] INFO:colcon.colcon_core.plugin_system:Skipping extension 'colcon_core.shell.bat': Not used on non-Windows systems
[1.824s] INFO:colcon.colcon_core.shell:Skip shell extension 'powershell' for command environment: Not usable outside of PowerShell
[1.824s] DEBUG:colcon.colcon_core.shell:Skip shell extension 'dsv' for command environment
[1.875s] DEBUG:colcon.colcon_core.event_handler.log_command:Invoking command in '/home/olia/ros2_ws/src/motor/build/motor': CMAKE_PREFIX_PATH=${CMAKE_PREFIX_PATH}:/opt/ros/jazzy DEBUGINFOD_URLS=https://debuginfod.ubuntu.com /usr/bin/cmake --build /home/olia/ros2_ws/src/motor/build/motor -- -j4 -l4
[25.833s] DEBUG:colcon.colcon_core.event_handler.log_command:Invoked command in '/home/olia/ros2_ws/src/motor/build/motor' returned '2': CMAKE_PREFIX_PATH=${CMAKE_PREFIX_PATH}:/opt/ros/jazzy DEBUGINFOD_URLS=https://debuginfod.ubuntu.com /usr/bin/cmake --build /home/olia/ros2_ws/src/motor/build/motor -- -j4 -l4
[26.028s] Level 1:colcon.colcon_core.environment:create_environment_scripts_only(motor)
[26.056s] Level 1:colcon.colcon_core.environment:checking '/home/olia/ros2_ws/src/motor/install/motor' for CMake module files
[26.062s] Level 1:colcon.colcon_core.environment:checking '/home/olia/ros2_ws/src/motor/install/motor' for CMake config files
[26.063s] Level 1:colcon.colcon_core.shell:create_environment_hook('motor', 'cmake_prefix_path')
[26.064s] INFO:colcon.colcon_core.shell:Creating environment hook '/home/olia/ros2_ws/src/motor/install/motor/share/motor/hook/cmake_prefix_path.ps1'
[26.068s] INFO:colcon.colcon_core.shell:Creating environment descriptor '/home/olia/ros2_ws/src/motor/install/motor/share/motor/hook/cmake_prefix_path.dsv'
[26.074s] INFO:colcon.colcon_core.shell:Creating environment hook '/home/olia/ros2_ws/src/motor/install/motor/share/motor/hook/cmake_prefix_path.sh'
[26.078s] Level 1:colcon.colcon_core.environment:checking '/home/olia/ros2_ws/src/motor/install/motor/lib'
[26.079s] Level 1:colcon.colcon_core.environment:checking '/home/olia/ros2_ws/src/motor/install/motor/bin'
[26.079s] Level 1:colcon.colcon_core.environment:checking '/home/olia/ros2_ws/src/motor/install/motor/lib/pkgconfig/motor.pc'
[26.080s] Level 1:colcon.colcon_core.environment:checking '/home/olia/ros2_ws/src/motor/install/motor/lib/python3.12/site-packages'
[26.081s] Level 1:colcon.colcon_core.environment:checking '/home/olia/ros2_ws/src/motor/install/motor/bin'
[26.082s] INFO:colcon.colcon_core.shell:Creating package script '/home/olia/ros2_ws/src/motor/install/motor/share/motor/package.ps1'
[26.089s] INFO:colcon.colcon_core.shell:Creating package descriptor '/home/olia/ros2_ws/src/motor/install/motor/share/motor/package.dsv'
[26.099s] ERROR:colcon.colcon_core.environment:Exception in shell extension 'dsv': [Errno 13] Permission denied: '/home/olia/ros2_ws/src/motor/install/motor/share/motor/package.dsv'
Traceback (most recent call last):
  File "/usr/lib/python3/dist-packages/colcon_core/environment/__init__.py", line 141, in create_environment_scripts_only
    scripts = extension.create_package_script(
              ^^^^^^^^^^^^^^^^^^^^^^^^^^^^^^^^
  File "/usr/lib/python3/dist-packages/colcon_core/shell/dsv.py", line 30, in create_package_script
    expand_template(
  File "/usr/lib/python3/dist-packages/colcon_core/shell/template/__init__.py", line 54, in expand_template
    with destination_path.open('w') as h:
         ^^^^^^^^^^^^^^^^^^^^^^^^^^
  File "/usr/lib/python3.12/pathlib.py", line 1015, in open
    return io.open(self, mode, buffering, encoding, errors, newline)
           ^^^^^^^^^^^^^^^^^^^^^^^^^^^^^^^^^^^^^^^^^^^^^^^^^^^^^^^^^
PermissionError: [Errno 13] Permission denied: '/home/olia/ros2_ws/src/motor/install/motor/share/motor/package.dsv'

[26.099s] INFO:colcon.colcon_core.shell:Creating package script '/home/olia/ros2_ws/src/motor/install/motor/share/motor/package.sh'
[26.103s] INFO:colcon.colcon_core.shell:Creating package script '/home/olia/ros2_ws/src/motor/install/motor/share/motor/package.bash'
[26.110s] INFO:colcon.colcon_core.shell:Creating package script '/home/olia/ros2_ws/src/motor/install/motor/share/motor/package.zsh'
[26.117s] Level 1:colcon.colcon_core.environment:create_file_with_runtime_dependencies(/home/olia/ros2_ws/src/motor/install/motor/share/colcon-core/packages/motor)
[26.128s] DEBUG:colcon.colcon_parallel_executor.executor.parallel:closing loop
[26.129s] DEBUG:colcon.colcon_parallel_executor.executor.parallel:loop closed
[26.129s] DEBUG:colcon.colcon_parallel_executor.executor.parallel:run_until_complete finished with '2'
[26.130s] DEBUG:colcon.colcon_core.event_reactor:joining thread
[26.162s] INFO:colcon.colcon_core.plugin_system:Skipping extension 'colcon_notification.desktop_notification.terminal_notifier': Not used on non-Darwin systems
[26.162s] INFO:colcon.colcon_core.plugin_system:Skipping extension 'colcon_notification.desktop_notification.win32': Not used on non-Windows systems
[26.162s] INFO:colcon.colcon_notification.desktop_notification:Sending desktop notification using 'notify2'
[26.167s] DEBUG:colcon.colcon_notification.desktop_notification.notify2:Failed to initialize notify2: org.freedesktop.DBus.Error.ServiceUnknown: The name org.freedesktop.Notifications was not provided by any .service files
[26.167s] DEBUG:colcon.colcon_core.event_reactor:joined thread
[26.168s] INFO:colcon.colcon_core.shell:Creating prefix script '/home/olia/ros2_ws/src/motor/install/local_setup.ps1'
[26.174s] INFO:colcon.colcon_core.shell:Creating prefix util module '/home/olia/ros2_ws/src/motor/install/_local_setup_util_ps1.py'
[26.182s] INFO:colcon.colcon_core.shell:Creating prefix chain script '/home/olia/ros2_ws/src/motor/install/setup.ps1'
[26.188s] INFO:colcon.colcon_core.shell:Creating prefix script '/home/olia/ros2_ws/src/motor/install/local_setup.sh'
[26.192s] INFO:colcon.colcon_core.shell:Creating prefix util module '/home/olia/ros2_ws/src/motor/install/_local_setup_util_sh.py'
[26.194s] INFO:colcon.colcon_core.shell:Creating prefix chain script '/home/olia/ros2_ws/src/motor/install/setup.sh'
[26.200s] INFO:colcon.colcon_core.shell:Creating prefix script '/home/olia/ros2_ws/src/motor/install/local_setup.bash'
[26.203s] INFO:colcon.colcon_core.shell:Creating prefix chain script '/home/olia/ros2_ws/src/motor/install/setup.bash'
[26.209s] INFO:colcon.colcon_core.shell:Creating prefix script '/home/olia/ros2_ws/src/motor/install/local_setup.zsh'
[26.212s] INFO:colcon.colcon_core.shell:Creating prefix chain script '/home/olia/ros2_ws/src/motor/install/setup.zsh'
