[01m[K/home/olia/ros2_ws/src/motor/src/driver.cpp:[m[K In function ‘[01m[Kint[01;32m[K main[m[K(int, char**)[m[K’:
[01m[K/home/olia/ros2_ws/src/motor/src/driver.cpp:83:31:[m[K [01;31m[Kerror: [m[K‘[01m[Kgpiod_chip_open_by_name[m[K’ was not declared in this scope
   83 |     struct gpiod_chip *chip = [01;31m[Kgpiod_chip_open_by_name[m[K(chipname);
      |                               [01;31m[K^~~~~~~~~~~~~~~~~~~~~~~[m[K
[01m[K/home/olia/ros2_ws/src/motor/src/driver.cpp:90:31:[m[K [01;31m[Kerror: [m[K‘[01m[Kgpiod_chip_get_line[m[K’ was not declared in this scope
   90 |     struct gpiod_line *line = [01;31m[Kgpiod_chip_get_line[m[K(chip, line_num);
      |                               [01;31m[K^~~~~~~~~~~~~~~~~~~[m[K
[01m[K/home/olia/ros2_ws/src/motor/src/driver.cpp:93:9:[m[K [01;31m[Kerror: [m[K‘[01m[Kgpiod_chip_close[m[K’ was not declared in this scope; did you mean ‘[01m[Kgpiod_chip[m[K’?
   93 |         [01;31m[Kgpiod_chip_close[m[K(chip);
      |         [01;31m[K^~~~~~~~~~~~~~~~[m[K
      |         [32m[Kgpiod_chip[m[K
[01m[K/home/olia/ros2_ws/src/motor/src/driver.cpp:98:9:[m[K [01;31m[Kerror: [m[K‘[01m[Kgpiod_line_request_output[m[K’ was not declared in this scope
   98 |     if ([01;31m[Kgpiod_line_request_output[m[K(line, "example", 0) < 0) {
      |         [01;31m[K^~~~~~~~~~~~~~~~~~~~~~~~~[m[K
[01m[K/home/olia/ros2_ws/src/motor/src/driver.cpp:100:9:[m[K [01;31m[Kerror: [m[K‘[01m[Kgpiod_chip_close[m[K’ was not declared in this scope; did you mean ‘[01m[Kgpiod_chip[m[K’?
  100 |         [01;31m[Kgpiod_chip_close[m[K(chip);
      |         [01;31m[K^~~~~~~~~~~~~~~~[m[K
      |         [32m[Kgpiod_chip[m[K
[01m[K/home/olia/ros2_ws/src/motor/src/driver.cpp:107:13:[m[K [01;31m[Kerror: [m[K‘[01m[Kgpiod_line_set_value[m[K’ was not declared in this scope
  107 |         if ([01;31m[Kgpiod_line_set_value[m[K(line, val) < 0) {
      |             [01;31m[K^~~~~~~~~~~~~~~~~~~~[m[K
[01m[K/home/olia/ros2_ws/src/motor/src/driver.cpp:109:13:[m[K [01;31m[Kerror: [m[K‘[01m[Kgpiod_line_release[m[K’ was not declared in this scope
  109 |             [01;31m[Kgpiod_line_release[m[K(line);
      |             [01;31m[K^~~~~~~~~~~~~~~~~~[m[K
[01m[K/home/olia/ros2_ws/src/motor/src/driver.cpp:110:13:[m[K [01;31m[Kerror: [m[K‘[01m[Kgpiod_chip_close[m[K’ was not declared in this scope; did you mean ‘[01m[Kgpiod_chip[m[K’?
  110 |             [01;31m[Kgpiod_chip_close[m[K(chip);
      |             [01;31m[K^~~~~~~~~~~~~~~~[m[K
      |             [32m[Kgpiod_chip[m[K
[01m[K/home/olia/ros2_ws/src/motor/src/driver.cpp:118:5:[m[K [01;31m[Kerror: [m[K‘[01m[Kgpiod_line_release[m[K’ was not declared in this scope
  118 |     [01;31m[Kgpiod_line_release[m[K(line);
      |     [01;31m[K^~~~~~~~~~~~~~~~~~[m[K
[01m[K/home/olia/ros2_ws/src/motor/src/driver.cpp:119:5:[m[K [01;31m[Kerror: [m[K‘[01m[Kgpiod_chip_close[m[K’ was not declared in this scope; did you mean ‘[01m[Kgpiod_chip[m[K’?
  119 |     [01;31m[Kgpiod_chip_close[m[K(chip);
      |     [01;31m[K^~~~~~~~~~~~~~~~[m[K
      |     [32m[Kgpiod_chip[m[K
gmake[2]: *** [CMakeFiles/motor.dir/build.make:76: CMakeFiles/motor.dir/src/driver.cpp.o] Error 1
gmake[1]: *** [CMakeFiles/Makefile2:137: CMakeFiles/motor.dir/all] Error 2
gmake: *** [Makefile:146: all] Error 2
