-- Found ament_cmake: 2.5.2 (/opt/ros/jazzy/share/ament_cmake/cmake)
-- Found rclcpp: 28.1.3 (/opt/ros/jazzy/share/rclcpp/cmake)
-- Found rosidl_generator_c: 4.6.3 (/opt/ros/jazzy/share/rosidl_generator_c/cmake)
-- Found rosidl_generator_cpp: 4.6.3 (/opt/ros/jazzy/share/rosidl_generator_cpp/cmake)
-- Using all available rosidl_typesupport_c: rosidl_typesupport_fastrtps_c;rosidl_typesupport_introspection_c
-- Using all available rosidl_typesupport_cpp: rosidl_typesupport_fastrtps_cpp;rosidl_typesupport_introspection_cpp
-- Found rmw_implementation_cmake: 7.3.1 (/opt/ros/jazzy/share/rmw_implementation_cmake/cmake)
-- Found rmw_fastrtps_cpp: 8.4.1 (/opt/ros/jazzy/share/rmw_fastrtps_cpp/cmake)
-- Using RMW implementation 'rmw_fastrtps_cpp' as default
-- Found std_msgs: 5.3.5 (/opt/ros/jazzy/share/std_msgs/cmake)
-- Configuring done (2.7s)
-- Generating done (0.1s)
-- Build files have been written to: /home/olia/ros2_ws/src/motor/build/motor
[ 50%] [32m[1mLinking CXX executable motor[0m
/usr/bin/ld: CMakeFiles/motor.dir/src/driver.cpp.o: in function `main':
driver.cpp:(.text+0x134): undefined reference to `gpiod::chip::chip(std::filesystem::__cxx11::path const&)'
/usr/bin/ld: driver.cpp:(.text+0x154): undefined reference to `gpiod::chip::get_line_info(gpiod::line::offset) const'
/usr/bin/ld: driver.cpp:(.text+0x18c): undefined reference to `gpiod::line_info::offset() const'
/usr/bin/ld: driver.cpp:(.text+0x1e4): undefined reference to `gpiod::line_info::name[abi:cxx11]() const'
/usr/bin/ld: driver.cpp:(.text+0x244): undefined reference to `gpiod::line_info::name[abi:cxx11]() const'
/usr/bin/ld: driver.cpp:(.text+0x294): undefined reference to `gpiod::line_info::consumer[abi:cxx11]() const'
/usr/bin/ld: driver.cpp:(.text+0x2f4): undefined reference to `gpiod::line_info::consumer[abi:cxx11]() const'
/usr/bin/ld: driver.cpp:(.text+0x33c): undefined reference to `gpiod::line_info::direction() const'
/usr/bin/ld: driver.cpp:(.text+0x39c): undefined reference to `gpiod::line_info::active_low() const'
/usr/bin/ld: driver.cpp:(.text+0x4c4): undefined reference to `gpiod::line_info::~line_info()'
/usr/bin/ld: driver.cpp:(.text+0x4cc): undefined reference to `gpiod::chip::~chip()'
/usr/bin/ld: driver.cpp:(.text+0x5f8): undefined reference to `gpiod::line_info::~line_info()'
/usr/bin/ld: driver.cpp:(.text+0x608): undefined reference to `gpiod::chip::~chip()'
collect2: error: ld returned 1 exit status
gmake[2]: *** [CMakeFiles/motor.dir/build.make:172: motor] Error 1
gmake[1]: *** [CMakeFiles/Makefile2:137: CMakeFiles/motor.dir/all] Error 2
gmake: *** [Makefile:146: all] Error 2
