[0.056s] Invoking command in '/home/olia/ros2_ws/src/motor/build/motor': CMAKE_PREFIX_PATH=${CMAKE_PREFIX_PATH}:/opt/ros/jazzy DEBUGINFOD_URLS=https://debuginfod.ubuntu.com /usr/bin/cmake --build /home/olia/ros2_ws/src/motor/build/motor -- -j4 -l4
[0.211s] -- Found ament_cmake: 2.5.2 (/opt/ros/jazzy/share/ament_cmake/cmake)
[1.284s] -- Found rclcpp: 28.1.3 (/opt/ros/jazzy/share/rclcpp/cmake)
[1.478s] -- Found rosidl_generator_c: 4.6.3 (/opt/ros/jazzy/share/rosidl_generator_c/cmake)
[1.518s] -- Found rosidl_generator_cpp: 4.6.3 (/opt/ros/jazzy/share/rosidl_generator_cpp/cmake)
[1.566s] -- Using all available rosidl_typesupport_c: rosidl_typesupport_fastrtps_c;rosidl_typesupport_introspection_c
[1.623s] -- Using all available rosidl_typesupport_cpp: rosidl_typesupport_fastrtps_cpp;rosidl_typesupport_introspection_cpp
[1.854s] -- Found rmw_implementation_cmake: 7.3.1 (/opt/ros/jazzy/share/rmw_implementation_cmake/cmake)
[1.860s] -- Found rmw_fastrtps_cpp: 8.4.1 (/opt/ros/jazzy/share/rmw_fastrtps_cpp/cmake)
[2.170s] -- Using RMW implementation 'rmw_fastrtps_cpp' as default
[2.398s] -- Found std_msgs: 5.3.5 (/opt/ros/jazzy/share/std_msgs/cmake)
[2.855s] -- Configuring done (2.7s)
[2.944s] -- Generating done (0.1s)
[2.976s] -- Build files have been written to: /home/olia/ros2_ws/src/motor/build/motor
[3.250s] [ 50%] [32m[1mLinking CXX executable motor[0m
[4.086s] /usr/bin/ld: CMakeFiles/motor.dir/src/driver.cpp.o: in function `main':
[4.087s] driver.cpp:(.text+0x134): undefined reference to `gpiod::chip::chip(std::filesystem::__cxx11::path const&)'
[4.088s] /usr/bin/ld: driver.cpp:(.text+0x154): undefined reference to `gpiod::chip::get_line_info(gpiod::line::offset) const'
[4.090s] /usr/bin/ld: driver.cpp:(.text+0x18c): undefined reference to `gpiod::line_info::offset() const'
[4.091s] /usr/bin/ld: driver.cpp:(.text+0x1e4): undefined reference to `gpiod::line_info::name[abi:cxx11]() const'
[4.092s] /usr/bin/ld: driver.cpp:(.text+0x244): undefined reference to `gpiod::line_info::name[abi:cxx11]() const'
[4.092s] /usr/bin/ld: driver.cpp:(.text+0x294): undefined reference to `gpiod::line_info::consumer[abi:cxx11]() const'
[4.092s] /usr/bin/ld: driver.cpp:(.text+0x2f4): undefined reference to `gpiod::line_info::consumer[abi:cxx11]() const'
[4.093s] /usr/bin/ld: driver.cpp:(.text+0x33c): undefined reference to `gpiod::line_info::direction() const'
[4.093s] /usr/bin/ld: driver.cpp:(.text+0x39c): undefined reference to `gpiod::line_info::active_low() const'
[4.093s] /usr/bin/ld: driver.cpp:(.text+0x4c4): undefined reference to `gpiod::line_info::~line_info()'
[4.094s] /usr/bin/ld: driver.cpp:(.text+0x4cc): undefined reference to `gpiod::chip::~chip()'
[4.094s] /usr/bin/ld: driver.cpp:(.text+0x5f8): undefined reference to `gpiod::line_info::~line_info()'
[4.095s] /usr/bin/ld: driver.cpp:(.text+0x608): undefined reference to `gpiod::chip::~chip()'
[4.161s] collect2: error: ld returned 1 exit status
[4.167s] gmake[2]: *** [CMakeFiles/motor.dir/build.make:172: motor] Error 1
[4.168s] gmake[1]: *** [CMakeFiles/Makefile2:137: CMakeFiles/motor.dir/all] Error 2
[4.169s] gmake: *** [Makefile:146: all] Error 2
[4.177s] Invoked command in '/home/olia/ros2_ws/src/motor/build/motor' returned '2': CMAKE_PREFIX_PATH=${CMAKE_PREFIX_PATH}:/opt/ros/jazzy DEBUGINFOD_URLS=https://debuginfod.ubuntu.com /usr/bin/cmake --build /home/olia/ros2_ws/src/motor/build/motor -- -j4 -l4
