[0.061s] Invoking command in '/home/olia/ros2_ws/src/motor/build/motor': /usr/bin/cmake --build /home/olia/ros2_ws/src/motor/build/motor -- -j4 -l4
[1.208s] [100%] Built target motor
[1.252s] Invoked command in '/home/olia/ros2_ws/src/motor/build/motor' returned '0': /usr/bin/cmake --build /home/olia/ros2_ws/src/motor/build/motor -- -j4 -l4
[1.420s] Invoking command in '/home/olia/ros2_ws/src/motor/build/motor': /usr/bin/cmake --install /home/olia/ros2_ws/src/motor/build/motor
[1.455s] -- Install configuration: ""
[1.462s] -- Up-to-date: /home/olia/ros2_ws/src/motor/install/motor/lib/motor/motor
[1.465s] -- Up-to-date: /home/olia/ros2_ws/src/motor/install/motor/share/ament_index/resource_index/package_run_dependencies/motor
[1.466s] -- Up-to-date: /home/olia/ros2_ws/src/motor/install/motor/share/ament_index/resource_index/parent_prefix_path/motor
[1.468s] -- Up-to-date: /home/olia/ros2_ws/src/motor/install/motor/share/motor/environment/ament_prefix_path.sh
[1.469s] -- Up-to-date: /home/olia/ros2_ws/src/motor/install/motor/share/motor/environment/ament_prefix_path.dsv
[1.469s] -- Up-to-date: /home/olia/ros2_ws/src/motor/install/motor/share/motor/environment/path.sh
[1.470s] -- Up-to-date: /home/olia/ros2_ws/src/motor/install/motor/share/motor/environment/path.dsv
[1.471s] -- Up-to-date: /home/olia/ros2_ws/src/motor/install/motor/share/motor/local_setup.bash
[1.471s] -- Up-to-date: /home/olia/ros2_ws/src/motor/install/motor/share/motor/local_setup.sh
[1.472s] -- Up-to-date: /home/olia/ros2_ws/src/motor/install/motor/share/motor/local_setup.zsh
[1.473s] -- Up-to-date: /home/olia/ros2_ws/src/motor/install/motor/share/motor/local_setup.dsv
[1.473s] -- Installing: /home/olia/ros2_ws/src/motor/install/motor/share/motor/package.dsv
[1.475s] -- Up-to-date: /home/olia/ros2_ws/src/motor/install/motor/share/ament_index/resource_index/packages/motor
[1.476s] -- Up-to-date: /home/olia/ros2_ws/src/motor/install/motor/share/motor/cmake/motorConfig.cmake
[1.477s] -- Up-to-date: /home/olia/ros2_ws/src/motor/install/motor/share/motor/cmake/motorConfig-version.cmake
[1.478s] -- Up-to-date: /home/olia/ros2_ws/src/motor/install/motor/share/motor/package.xml
[1.484s] Invoked command in '/home/olia/ros2_ws/src/motor/build/motor' returned '0': /usr/bin/cmake --install /home/olia/ros2_ws/src/motor/build/motor
