[01m[K/home/olia/ros2_ws/src/motor/src/driver.cpp:[m[K In function ‘[01m[Kint[01;32m[K main[m[K(int, char**)[m[K’:
[01m[K/home/olia/ros2_ws/src/motor/src/driver.cpp:78:12:[m[K [01;31m[Kerror: [m[K‘[01m[Kgpiod_chip_open[m[K’ was not declared in this scope; did you mean ‘[01m[Kgpiod_chip[m[K’?
   78 |     chip = [01;31m[Kgpiod_chip_open[m[K("/dev/gpiochip0");
      |            [01;31m[K^~~~~~~~~~~~~~~[m[K
      |            [32m[Kgpiod_chip[m[K
[01m[K/home/olia/ros2_ws/src/motor/src/driver.cpp:81:12:[m[K [01;31m[Kerror: [m[K‘[01m[Kgpiod_chip_get_line[m[K’ was not declared in this scope
   81 |     line = [01;31m[Kgpiod_chip_get_line[m[K(chip, 21);
      |            [01;31m[K^~~~~~~~~~~~~~~~~~~[m[K
[01m[K/home/olia/ros2_ws/src/motor/src/driver.cpp:83:9:[m[K [01;31m[Kerror: [m[K‘[01m[Kgpiod_chip_close[m[K’ was not declared in this scope; did you mean ‘[01m[Kgpiod_chip[m[K’?
   83 |         [01;31m[Kgpiod_chip_close[m[K(chip);
      |         [01;31m[K^~~~~~~~~~~~~~~~[m[K
      |         [32m[Kgpiod_chip[m[K
[01m[K/home/olia/ros2_ws/src/motor/src/driver.cpp:86:11:[m[K [01;31m[Kerror: [m[K‘[01m[Kgpiod_line_request_input[m[K’ was not declared in this scope
   86 |     req = [01;31m[Kgpiod_line_request_input[m[K(line, "gpio_state");
      |           [01;31m[K^~~~~~~~~~~~~~~~~~~~~~~~[m[K
[01m[K/home/olia/ros2_ws/src/motor/src/driver.cpp:88:9:[m[K [01;31m[Kerror: [m[K‘[01m[Kgpiod_chip_close[m[K’ was not declared in this scope; did you mean ‘[01m[Kgpiod_chip[m[K’?
   88 |         [01;31m[Kgpiod_chip_close[m[K(chip);
      |         [01;31m[K^~~~~~~~~~~~~~~~[m[K
      |         [32m[Kgpiod_chip[m[K
[01m[K/home/olia/ros2_ws/src/motor/src/driver.cpp:91:13:[m[K [01;31m[Kerror: [m[K‘[01m[Kgpiod_line_get_value[m[K’ was not declared in this scope
   91 |     value = [01;31m[Kgpiod_line_get_value[m[K(line);
      |             [01;31m[K^~~~~~~~~~~~~~~~~~~~[m[K
[01m[K/home/olia/ros2_ws/src/motor/src/driver.cpp:93:5:[m[K [01;31m[Kerror: [m[K‘[01m[Kgpiod_chip_close[m[K’ was not declared in this scope; did you mean ‘[01m[Kgpiod_chip[m[K’?
   93 |     [01;31m[Kgpiod_chip_close[m[K(chip);
      |     [01;31m[K^~~~~~~~~~~~~~~~[m[K
      |     [32m[Kgpiod_chip[m[K
gmake[2]: *** [CMakeFiles/motor.dir/build.make:76: CMakeFiles/motor.dir/src/driver.cpp.o] Error 1
gmake[1]: *** [CMakeFiles/Makefile2:137: CMakeFiles/motor.dir/all] Error 2
gmake: *** [Makefile:146: all] Error 2
