-- The C compiler identification is GNU 13.2.0
-- The CXX compiler identification is GNU 13.2.0
-- Detecting C compiler ABI info
-- Detecting C compiler ABI info - done
-- Check for working C compiler: /usr/bin/cc - skipped
-- Detecting C compile features
-- Detecting C compile features - done
-- Detecting CXX compiler ABI info
-- Detecting CXX compiler ABI info - done
-- Check for working CXX compiler: /usr/bin/c++ - skipped
-- Detecting CXX compile features
-- Detecting CXX compile features - done
-- Found ament_cmake: 2.5.2 (/opt/ros/jazzy/share/ament_cmake/cmake)
-- Found Python3: /usr/bin/python3 (found version "3.12.3") found components: Interpreter 
-- Found rclcpp: 28.1.3 (/opt/ros/jazzy/share/rclcpp/cmake)
-- Found rosidl_generator_c: 4.6.3 (/opt/ros/jazzy/share/rosidl_generator_c/cmake)
-- Found rosidl_generator_cpp: 4.6.3 (/opt/ros/jazzy/share/rosidl_generator_cpp/cmake)
-- Using all available rosidl_typesupport_c: rosidl_typesupport_fastrtps_c;rosidl_typesupport_introspection_c
-- Using all available rosidl_typesupport_cpp: rosidl_typesupport_fastrtps_cpp;rosidl_typesupport_introspection_cpp
-- Found rmw_implementation_cmake: 7.3.1 (/opt/ros/jazzy/share/rmw_implementation_cmake/cmake)
-- Found rmw_fastrtps_cpp: 8.4.1 (/opt/ros/jazzy/share/rmw_fastrtps_cpp/cmake)
-- Found OpenSSL: /usr/lib/aarch64-linux-gnu/libcrypto.so (found version "3.0.13")  
-- Found FastRTPS: /opt/ros/jazzy/include (Required is at least version "2.13") 
-- Using RMW implementation 'rmw_fastrtps_cpp' as default
-- Found ament_lint_auto: 0.17.1 (/opt/ros/jazzy/share/ament_lint_auto/cmake)
-- Added test 'cppcheck' to perform static code analysis on C / C++ code
-- Configured cppcheck include dirs: 
-- Configured cppcheck exclude dirs and/or files: 
-- Added test 'lint_cmake' to check CMake code style
-- Added test 'uncrustify' to check C / C++ code style
-- Configured uncrustify additional arguments: 
-- Added test 'xmllint' to check XML markup files
-- Configuring done (12.9s)
-- Generating done (0.0s)
-- Build files have been written to: /home/olia/ros2_ws/src/motor/build/motor
-- Install configuration: ""
-- Installing: /home/olia/ros2_ws/src/motor/install/motor/share/ament_index/resource_index/package_run_dependencies/motor
-- Installing: /home/olia/ros2_ws/src/motor/install/motor/share/ament_index/resource_index/parent_prefix_path/motor
-- Installing: /home/olia/ros2_ws/src/motor/install/motor/share/motor/environment/ament_prefix_path.sh
-- Installing: /home/olia/ros2_ws/src/motor/install/motor/share/motor/environment/ament_prefix_path.dsv
-- Installing: /home/olia/ros2_ws/src/motor/install/motor/share/motor/environment/path.sh
-- Installing: /home/olia/ros2_ws/src/motor/install/motor/share/motor/environment/path.dsv
-- Installing: /home/olia/ros2_ws/src/motor/install/motor/share/motor/local_setup.bash
-- Installing: /home/olia/ros2_ws/src/motor/install/motor/share/motor/local_setup.sh
-- Installing: /home/olia/ros2_ws/src/motor/install/motor/share/motor/local_setup.zsh
-- Installing: /home/olia/ros2_ws/src/motor/install/motor/share/motor/local_setup.dsv
-- Installing: /home/olia/ros2_ws/src/motor/install/motor/share/motor/package.dsv
-- Installing: /home/olia/ros2_ws/src/motor/install/motor/share/ament_index/resource_index/packages/motor
-- Installing: /home/olia/ros2_ws/src/motor/install/motor/share/motor/cmake/motorConfig.cmake
-- Installing: /home/olia/ros2_ws/src/motor/install/motor/share/motor/cmake/motorConfig-version.cmake
-- Installing: /home/olia/ros2_ws/src/motor/install/motor/share/motor/package.xml
