[0.069s] Invoking command in '/home/olia/ros2_ws/src/motor/build/motor': CMAKE_PREFIX_PATH=${CMAKE_PREFIX_PATH}:/opt/ros/jazzy DEBUGINFOD_URLS=https://debuginfod.ubuntu.com /usr/bin/cmake /home/olia/ros2_ws/src/motor -DCMAKE_INSTALL_PREFIX=/home/olia/ros2_ws/src/motor/install/motor
[2.283s] -- The C compiler identification is GNU 13.2.0
[3.986s] -- The CXX compiler identification is GNU 13.2.0
[4.104s] -- Detecting C compiler ABI info
[4.713s] -- Detecting C compiler ABI info - done
[4.748s] -- Check for working C compiler: /usr/bin/cc - skipped
[4.750s] -- Detecting C compile features
[4.753s] -- Detecting C compile features - done
[4.814s] -- Detecting CXX compiler ABI info
[5.398s] -- Detecting CXX compiler ABI info - done
[5.434s] -- Check for working CXX compiler: /usr/bin/c++ - skipped
[5.435s] -- Detecting CXX compile features
[5.437s] -- Detecting CXX compile features - done
[5.552s] -- Found ament_cmake: 2.5.2 (/opt/ros/jazzy/share/ament_cmake/cmake)
[6.582s] -- Found Python3: /usr/bin/python3 (found version "3.12.3") found components: Interpreter 
[7.885s] -- Found rclcpp: 28.1.3 (/opt/ros/jazzy/share/rclcpp/cmake)
[8.666s] -- Found rosidl_generator_c: 4.6.3 (/opt/ros/jazzy/share/rosidl_generator_c/cmake)
[8.903s] -- Found rosidl_generator_cpp: 4.6.3 (/opt/ros/jazzy/share/rosidl_generator_cpp/cmake)
[9.152s] -- Using all available rosidl_typesupport_c: rosidl_typesupport_fastrtps_c;rosidl_typesupport_introspection_c
[9.412s] -- Using all available rosidl_typesupport_cpp: rosidl_typesupport_fastrtps_cpp;rosidl_typesupport_introspection_cpp
[10.360s] -- Found rmw_implementation_cmake: 7.3.1 (/opt/ros/jazzy/share/rmw_implementation_cmake/cmake)
[10.429s] -- Found rmw_fastrtps_cpp: 8.4.1 (/opt/ros/jazzy/share/rmw_fastrtps_cpp/cmake)
[11.317s] -- Found OpenSSL: /usr/lib/aarch64-linux-gnu/libcrypto.so (found version "3.0.13")  
[11.448s] -- Found FastRTPS: /opt/ros/jazzy/include (Required is at least version "2.13") 
[11.548s] -- Using RMW implementation 'rmw_fastrtps_cpp' as default
[12.314s] -- Found ament_lint_auto: 0.17.1 (/opt/ros/jazzy/share/ament_lint_auto/cmake)
[13.242s] -- Added test 'cppcheck' to perform static code analysis on C / C++ code
[13.242s] -- Configured cppcheck include dirs: 
[13.243s] -- Configured cppcheck exclude dirs and/or files: 
[13.265s] -- Added test 'lint_cmake' to check CMake code style
[13.321s] -- Added test 'uncrustify' to check C / C++ code style
[13.322s] -- Configured uncrustify additional arguments: 
[13.333s] -- Added test 'xmllint' to check XML markup files
[13.353s] -- Configuring done (12.9s)
[13.394s] -- Generating done (0.0s)
[13.401s] -- Build files have been written to: /home/olia/ros2_ws/src/motor/build/motor
[13.441s] Invoked command in '/home/olia/ros2_ws/src/motor/build/motor' returned '0': CMAKE_PREFIX_PATH=${CMAKE_PREFIX_PATH}:/opt/ros/jazzy DEBUGINFOD_URLS=https://debuginfod.ubuntu.com /usr/bin/cmake /home/olia/ros2_ws/src/motor -DCMAKE_INSTALL_PREFIX=/home/olia/ros2_ws/src/motor/install/motor
[13.458s] Invoking command in '/home/olia/ros2_ws/src/motor/build/motor': CMAKE_PREFIX_PATH=${CMAKE_PREFIX_PATH}:/opt/ros/jazzy DEBUGINFOD_URLS=https://debuginfod.ubuntu.com /usr/bin/cmake --build /home/olia/ros2_ws/src/motor/build/motor -- -j4 -l4
[13.700s] Invoked command in '/home/olia/ros2_ws/src/motor/build/motor' returned '0': CMAKE_PREFIX_PATH=${CMAKE_PREFIX_PATH}:/opt/ros/jazzy DEBUGINFOD_URLS=https://debuginfod.ubuntu.com /usr/bin/cmake --build /home/olia/ros2_ws/src/motor/build/motor -- -j4 -l4
[13.918s] Invoking command in '/home/olia/ros2_ws/src/motor/build/motor': CMAKE_PREFIX_PATH=${CMAKE_PREFIX_PATH}:/opt/ros/jazzy DEBUGINFOD_URLS=https://debuginfod.ubuntu.com /usr/bin/cmake --install /home/olia/ros2_ws/src/motor/build/motor
[13.969s] -- Install configuration: ""
[13.969s] -- Installing: /home/olia/ros2_ws/src/motor/install/motor/share/ament_index/resource_index/package_run_dependencies/motor
[13.971s] -- Installing: /home/olia/ros2_ws/src/motor/install/motor/share/ament_index/resource_index/parent_prefix_path/motor
[13.973s] -- Installing: /home/olia/ros2_ws/src/motor/install/motor/share/motor/environment/ament_prefix_path.sh
[13.974s] -- Installing: /home/olia/ros2_ws/src/motor/install/motor/share/motor/environment/ament_prefix_path.dsv
[13.975s] -- Installing: /home/olia/ros2_ws/src/motor/install/motor/share/motor/environment/path.sh
[13.976s] -- Installing: /home/olia/ros2_ws/src/motor/install/motor/share/motor/environment/path.dsv
[13.977s] -- Installing: /home/olia/ros2_ws/src/motor/install/motor/share/motor/local_setup.bash
[13.978s] -- Installing: /home/olia/ros2_ws/src/motor/install/motor/share/motor/local_setup.sh
[13.979s] -- Installing: /home/olia/ros2_ws/src/motor/install/motor/share/motor/local_setup.zsh
[13.980s] -- Installing: /home/olia/ros2_ws/src/motor/install/motor/share/motor/local_setup.dsv
[13.981s] -- Installing: /home/olia/ros2_ws/src/motor/install/motor/share/motor/package.dsv
[13.982s] -- Installing: /home/olia/ros2_ws/src/motor/install/motor/share/ament_index/resource_index/packages/motor
[13.984s] -- Installing: /home/olia/ros2_ws/src/motor/install/motor/share/motor/cmake/motorConfig.cmake
[13.985s] -- Installing: /home/olia/ros2_ws/src/motor/install/motor/share/motor/cmake/motorConfig-version.cmake
[13.986s] -- Installing: /home/olia/ros2_ws/src/motor/install/motor/share/motor/package.xml
[13.993s] Invoked command in '/home/olia/ros2_ws/src/motor/build/motor' returned '0': CMAKE_PREFIX_PATH=${CMAKE_PREFIX_PATH}:/opt/ros/jazzy DEBUGINFOD_URLS=https://debuginfod.ubuntu.com /usr/bin/cmake --install /home/olia/ros2_ws/src/motor/build/motor
