[0.062s] Invoking command in '/home/olia/ros2_ws/src/motor/build/motor': CMAKE_PREFIX_PATH=${CMAKE_PREFIX_PATH}:/opt/ros/jazzy DEBUGINFOD_URLS=https://debuginfod.ubuntu.com /usr/bin/cmake --build /home/olia/ros2_ws/src/motor/build/motor -- -j4 -l4
[0.440s] [ 50%] [32mBuilding CXX object CMakeFiles/motor.dir/src/driver.cpp.o[0m
[11.459s] [01m[K/home/olia/ros2_ws/src/motor/src/driver.cpp:[m[K In function ‘[01m[Kint[01;32m[K main[m[K(int, char**)[m[K’:
[11.460s] [01m[K/home/olia/ros2_ws/src/motor/src/driver.cpp:83:31:[m[K [01;31m[Kerror: [m[Ktoo many arguments to function ‘[01m[Kgpiod_chip_info*[01;32m[K gpiod_chip_get_info[m[K(gpiod_chip*)[m[K’
[11.461s]    83 |     line = [01;31m[Kgpiod_chip_get_info(chip, 21)[m[K;
[11.461s]       |            [01;31m[K~~~~~~~~~~~~~~~~~~~^~~~~~~~~~[m[K
[11.462s] In file included from [01m[K/home/olia/ros2_ws/src/motor/src/driver.cpp:5[m[K:
[11.462s] [01m[K/usr/include/gpiod.h:191:25:[m[K [01;36m[Knote: [m[Kdeclared here
[11.462s]   191 | struct gpiod_chip_info *[01;36m[Kgpiod_chip_get_info[m[K(struct gpiod_chip *chip);
[11.463s]       |                         [01;36m[K^~~~~~~~~~~~~~~~~~~[m[K
[11.463s] [01m[K/home/olia/ros2_ws/src/motor/src/driver.cpp:83:31:[m[K [01;31m[Kerror: [m[Kcannot convert ‘[01m[Kgpiod_chip_info*[m[K’ to ‘[01m[Kmain(int, char**)::gpiod_line*[m[K’ in assignment
[11.464s]    83 |     line = [01;31m[Kgpiod_chip_get_info(chip, 21)[m[K;
[11.464s]       |            [01;31m[K~~~~~~~~~~~~~~~~~~~^~~~~~~~~~[m[K
[11.464s]       |                               [01;31m[K|[m[K
[11.465s]       |                               [01;31m[Kgpiod_chip_info*[m[K
[11.465s] [01m[K/usr/include/gpiod.h:73:8:[m[K [01;36m[Knote: [m[Kclass type ‘[01m[Kgpiod_chip_info[m[K’ is incomplete
[11.466s]    73 | struct [01;36m[Kgpiod_chip_info[m[K;
[11.466s]       |        [01;36m[K^~~~~~~~~~~~~~~[m[K
[11.466s] [01m[K/home/olia/ros2_ws/src/motor/src/driver.cpp:88:13:[m[K [01;31m[Kerror: [m[Kinvalid cast from type ‘[01m[Kmain(int, char**)::gpiod_line*[m[K’ to type ‘[01m[Kgpiod_line_value[m[K’
[11.467s]    88 |     value = [01;31m[Kgpiod_line_value(line)[m[K;
[11.467s]       |             [01;31m[K^~~~~~~~~~~~~~~~~~~~~~[m[K
[11.468s] [01m[K/home/olia/ros2_ws/src/motor/src/driver.cpp:78:9:[m[K [01;35m[Kwarning: [m[Kunused variable ‘[01m[Kreq[m[K’ [[01;35m[K-Wunused-variable[m[K]
[11.468s]    78 |     int [01;35m[Kreq[m[K, value;
[11.468s]       |         [01;35m[K^~~[m[K
[15.931s] gmake[2]: *** [CMakeFiles/motor.dir/build.make:76: CMakeFiles/motor.dir/src/driver.cpp.o] Error 1
[15.932s] gmake[1]: *** [CMakeFiles/Makefile2:137: CMakeFiles/motor.dir/all] Error 2
[15.933s] gmake: *** [Makefile:146: all] Error 2
[15.941s] Invoked command in '/home/olia/ros2_ws/src/motor/build/motor' returned '2': CMAKE_PREFIX_PATH=${CMAKE_PREFIX_PATH}:/opt/ros/jazzy DEBUGINFOD_URLS=https://debuginfod.ubuntu.com /usr/bin/cmake --build /home/olia/ros2_ws/src/motor/build/motor -- -j4 -l4
