[0.475s] DEBUG:colcon:Command line arguments: ['/usr/bin/colcon', 'build']
[0.475s] DEBUG:colcon:Parsed command line arguments: Namespace(log_base=None, log_level=None, verb_name='build', build_base='build', install_base='install', merge_install=False, symlink_install=False, test_result_base=None, continue_on_error=False, executor='parallel', parallel_workers=4, event_handlers=None, ignore_user_meta=False, metas=['./colcon.meta'], base_paths=['.'], packages_ignore=None, packages_ignore_regex=None, paths=None, packages_up_to=None, packages_up_to_regex=None, packages_above=None, packages_above_and_dependencies=None, packages_above_depth=None, packages_select_by_dep=None, packages_skip_by_dep=None, packages_skip_up_to=None, packages_select_build_failed=False, packages_skip_build_finished=False, packages_select_test_failures=False, packages_skip_test_passed=False, packages_select=None, packages_skip=None, packages_select_regex=None, packages_skip_regex=None, packages_start=None, packages_end=None, allow_overriding=[], cmake_args=None, cmake_target=None, cmake_target_skip_unavailable=False, cmake_clean_cache=False, cmake_clean_first=False, cmake_force_configure=False, ament_cmake_args=None, catkin_cmake_args=None, catkin_skip_building_tests=False, mixin_files=None, mixin=None, verb_parser=<colcon_mixin.mixin.mixin_argument.MixinArgumentDecorator object at 0xffff82e127e0>, verb_extension=<colcon_core.verb.build.BuildVerb object at 0xffff83927800>, main=<bound method BuildVerb.main of <colcon_core.verb.build.BuildVerb object at 0xffff83927800>>, mixin_verb=('build',))
[0.622s] Level 1:colcon.colcon_core.package_discovery:discover_packages(colcon_meta) check parameters
[0.623s] Level 1:colcon.colcon_core.package_discovery:discover_packages(recursive) check parameters
[0.623s] Level 1:colcon.colcon_core.package_discovery:discover_packages(ignore) check parameters
[0.623s] Level 1:colcon.colcon_core.package_discovery:discover_packages(path) check parameters
[0.623s] Level 1:colcon.colcon_core.package_discovery:discover_packages(colcon_meta) discover
[0.623s] Level 1:colcon.colcon_core.package_discovery:discover_packages(recursive) discover
[0.624s] INFO:colcon.colcon_core.package_discovery:Crawling recursively for packages in '/home/olia/ros2_ws/src/motor'
[0.624s] Level 1:colcon.colcon_core.package_identification:_identify(.) by extensions ['ignore', 'ignore_ament_install']
[0.624s] Level 1:colcon.colcon_core.package_identification:_identify(.) by extension 'ignore'
[0.624s] Level 1:colcon.colcon_core.package_identification:_identify(.) by extension 'ignore_ament_install'
[0.625s] Level 1:colcon.colcon_core.package_identification:_identify(.) by extensions ['colcon_pkg']
[0.625s] Level 1:colcon.colcon_core.package_identification:_identify(.) by extension 'colcon_pkg'
[0.625s] Level 1:colcon.colcon_core.package_identification:_identify(.) by extensions ['colcon_meta']
[0.625s] Level 1:colcon.colcon_core.package_identification:_identify(.) by extension 'colcon_meta'
[0.625s] Level 1:colcon.colcon_core.package_identification:_identify(.) by extensions ['ros']
[0.625s] Level 1:colcon.colcon_core.package_identification:_identify(.) by extension 'ros'
[0.736s] DEBUG:colcon.colcon_core.package_identification:Package '.' with type 'ros.ament_cmake' and name 'motor'
[0.736s] Level 1:colcon.colcon_core.package_discovery:discover_packages(recursive) using defaults
[0.737s] Level 1:colcon.colcon_core.package_discovery:discover_packages(ignore) discover
[0.737s] Level 1:colcon.colcon_core.package_discovery:discover_packages(ignore) using defaults
[0.737s] Level 1:colcon.colcon_core.package_discovery:discover_packages(path) discover
[0.737s] Level 1:colcon.colcon_core.package_discovery:discover_packages(path) using defaults
[0.802s] Level 1:colcon.colcon_core.package_discovery:discover_packages(prefix_path) check parameters
[0.802s] Level 1:colcon.colcon_core.package_discovery:discover_packages(prefix_path) discover
[0.820s] DEBUG:colcon.colcon_installed_package_information.package_discovery:Found 343 installed packages in /opt/ros/jazzy
[0.828s] Level 1:colcon.colcon_core.package_discovery:discover_packages(prefix_path) using defaults
[1.027s] Level 5:colcon.colcon_core.verb:set package 'motor' build argument 'cmake_args' from command line to 'None'
[1.028s] Level 5:colcon.colcon_core.verb:set package 'motor' build argument 'cmake_target' from command line to 'None'
[1.028s] Level 5:colcon.colcon_core.verb:set package 'motor' build argument 'cmake_target_skip_unavailable' from command line to 'False'
[1.028s] Level 5:colcon.colcon_core.verb:set package 'motor' build argument 'cmake_clean_cache' from command line to 'False'
[1.028s] Level 5:colcon.colcon_core.verb:set package 'motor' build argument 'cmake_clean_first' from command line to 'False'
[1.028s] Level 5:colcon.colcon_core.verb:set package 'motor' build argument 'cmake_force_configure' from command line to 'False'
[1.028s] Level 5:colcon.colcon_core.verb:set package 'motor' build argument 'ament_cmake_args' from command line to 'None'
[1.028s] Level 5:colcon.colcon_core.verb:set package 'motor' build argument 'catkin_cmake_args' from command line to 'None'
[1.028s] Level 5:colcon.colcon_core.verb:set package 'motor' build argument 'catkin_skip_building_tests' from command line to 'False'
[1.028s] DEBUG:colcon.colcon_core.verb:Building package 'motor' with the following arguments: {'ament_cmake_args': None, 'build_base': '/home/olia/ros2_ws/src/motor/build/motor', 'catkin_cmake_args': None, 'catkin_skip_building_tests': False, 'cmake_args': None, 'cmake_clean_cache': False, 'cmake_clean_first': False, 'cmake_force_configure': False, 'cmake_target': None, 'cmake_target_skip_unavailable': False, 'install_base': '/home/olia/ros2_ws/src/motor/install/motor', 'merge_install': False, 'path': '/home/olia/ros2_ws/src/motor', 'symlink_install': False, 'test_result_base': None}
[1.029s] INFO:colcon.colcon_core.executor:Executing jobs using 'parallel' executor
[1.032s] DEBUG:colcon.colcon_parallel_executor.executor.parallel:run_until_complete
[1.033s] INFO:colcon.colcon_ros.task.ament_cmake.build:Building ROS package in '/home/olia/ros2_ws/src/motor' with build type 'ament_cmake'
[1.033s] INFO:colcon.colcon_cmake.task.cmake.build:Building CMake package in '/home/olia/ros2_ws/src/motor'
[1.041s] INFO:colcon.colcon_core.plugin_system:Skipping extension 'colcon_core.shell.bat': Not used on non-Windows systems
[1.042s] INFO:colcon.colcon_core.shell:Skip shell extension 'powershell' for command environment: Not usable outside of PowerShell
[1.042s] DEBUG:colcon.colcon_core.shell:Skip shell extension 'dsv' for command environment
[1.090s] DEBUG:colcon.colcon_core.event_handler.log_command:Invoking command in '/home/olia/ros2_ws/src/motor/build/motor': CMAKE_PREFIX_PATH=${CMAKE_PREFIX_PATH}:/opt/ros/jazzy DEBUGINFOD_URLS=https://debuginfod.ubuntu.com /usr/bin/cmake --build /home/olia/ros2_ws/src/motor/build/motor -- -j4 -l4
[20.466s] DEBUG:colcon.colcon_core.event_handler.log_command:Invoked command in '/home/olia/ros2_ws/src/motor/build/motor' returned '2': CMAKE_PREFIX_PATH=${CMAKE_PREFIX_PATH}:/opt/ros/jazzy DEBUGINFOD_URLS=https://debuginfod.ubuntu.com /usr/bin/cmake --build /home/olia/ros2_ws/src/motor/build/motor -- -j4 -l4
[20.653s] Level 1:colcon.colcon_core.environment:create_environment_scripts_only(motor)
[20.664s] Level 1:colcon.colcon_core.environment:checking '/home/olia/ros2_ws/src/motor/install/motor' for CMake module files
[20.667s] Level 1:colcon.colcon_core.environment:checking '/home/olia/ros2_ws/src/motor/install/motor' for CMake config files
[20.668s] Level 1:colcon.colcon_core.shell:create_environment_hook('motor', 'cmake_prefix_path')
[20.669s] INFO:colcon.colcon_core.shell:Creating environment hook '/home/olia/ros2_ws/src/motor/install/motor/share/motor/hook/cmake_prefix_path.ps1'
[20.671s] INFO:colcon.colcon_core.shell:Creating environment descriptor '/home/olia/ros2_ws/src/motor/install/motor/share/motor/hook/cmake_prefix_path.dsv'
[20.673s] INFO:colcon.colcon_core.shell:Creating environment hook '/home/olia/ros2_ws/src/motor/install/motor/share/motor/hook/cmake_prefix_path.sh'
[20.676s] Level 1:colcon.colcon_core.environment:checking '/home/olia/ros2_ws/src/motor/install/motor/bin'
[20.676s] Level 1:colcon.colcon_core.environment:checking '/home/olia/ros2_ws/src/motor/install/motor/lib/pkgconfig/motor.pc'
[20.677s] Level 1:colcon.colcon_core.environment:checking '/home/olia/ros2_ws/src/motor/install/motor/lib/python3.12/site-packages'
[20.678s] Level 1:colcon.colcon_core.environment:checking '/home/olia/ros2_ws/src/motor/install/motor/bin'
[20.679s] INFO:colcon.colcon_core.shell:Creating package script '/home/olia/ros2_ws/src/motor/install/motor/share/motor/package.ps1'
[20.681s] INFO:colcon.colcon_core.shell:Creating package descriptor '/home/olia/ros2_ws/src/motor/install/motor/share/motor/package.dsv'
[20.684s] INFO:colcon.colcon_core.shell:Creating package script '/home/olia/ros2_ws/src/motor/install/motor/share/motor/package.sh'
[20.686s] INFO:colcon.colcon_core.shell:Creating package script '/home/olia/ros2_ws/src/motor/install/motor/share/motor/package.bash'
[20.689s] INFO:colcon.colcon_core.shell:Creating package script '/home/olia/ros2_ws/src/motor/install/motor/share/motor/package.zsh'
[20.691s] Level 1:colcon.colcon_core.environment:create_file_with_runtime_dependencies(/home/olia/ros2_ws/src/motor/install/motor/share/colcon-core/packages/motor)
[20.692s] DEBUG:colcon.colcon_parallel_executor.executor.parallel:closing loop
[20.694s] DEBUG:colcon.colcon_parallel_executor.executor.parallel:loop closed
[20.694s] DEBUG:colcon.colcon_parallel_executor.executor.parallel:run_until_complete finished with '2'
[20.695s] DEBUG:colcon.colcon_core.event_reactor:joining thread
[20.717s] INFO:colcon.colcon_core.plugin_system:Skipping extension 'colcon_notification.desktop_notification.terminal_notifier': Not used on non-Darwin systems
[20.718s] INFO:colcon.colcon_core.plugin_system:Skipping extension 'colcon_notification.desktop_notification.win32': Not used on non-Windows systems
[20.718s] INFO:colcon.colcon_notification.desktop_notification:Sending desktop notification using 'notify2'
[20.723s] DEBUG:colcon.colcon_notification.desktop_notification.notify2:Failed to initialize notify2: org.freedesktop.DBus.Error.ServiceUnknown: The name org.freedesktop.Notifications was not provided by any .service files
[20.724s] DEBUG:colcon.colcon_core.event_reactor:joined thread
[20.724s] INFO:colcon.colcon_core.shell:Creating prefix script '/home/olia/ros2_ws/src/motor/install/local_setup.ps1'
[20.727s] INFO:colcon.colcon_core.shell:Creating prefix util module '/home/olia/ros2_ws/src/motor/install/_local_setup_util_ps1.py'
[20.732s] INFO:colcon.colcon_core.shell:Creating prefix chain script '/home/olia/ros2_ws/src/motor/install/setup.ps1'
[20.737s] INFO:colcon.colcon_core.shell:Creating prefix script '/home/olia/ros2_ws/src/motor/install/local_setup.sh'
[20.740s] INFO:colcon.colcon_core.shell:Creating prefix util module '/home/olia/ros2_ws/src/motor/install/_local_setup_util_sh.py'
[20.742s] INFO:colcon.colcon_core.shell:Creating prefix chain script '/home/olia/ros2_ws/src/motor/install/setup.sh'
[20.747s] INFO:colcon.colcon_core.shell:Creating prefix script '/home/olia/ros2_ws/src/motor/install/local_setup.bash'
[20.749s] INFO:colcon.colcon_core.shell:Creating prefix chain script '/home/olia/ros2_ws/src/motor/install/setup.bash'
[20.753s] INFO:colcon.colcon_core.shell:Creating prefix script '/home/olia/ros2_ws/src/motor/install/local_setup.zsh'
[20.754s] INFO:colcon.colcon_core.shell:Creating prefix chain script '/home/olia/ros2_ws/src/motor/install/setup.zsh'
