[0.062s] Invoking command in '/home/olia/ros2_ws/src/motor/build/motor': CMAKE_PREFIX_PATH=${CMAKE_PREFIX_PATH}:/opt/ros/jazzy /usr/bin/cmake --build /home/olia/ros2_ws/src/motor/build/motor -- -j4 -l4
[0.430s] [ 50%] [32mBuilding CXX object CMakeFiles/motor.dir/src/driver.cpp.o[0m
[11.361s] [01m[K/home/olia/ros2_ws/src/motor/src/driver.cpp:[m[K In function ‘[01m[Kint[01;32m[K main[m[K(int, char**)[m[K’:
[11.362s] [01m[K/home/olia/ros2_ws/src/motor/src/driver.cpp:83:55:[m[K [01;31m[Kerror: [m[Kinvalid conversion from ‘[01m[Kint[m[K’ to ‘[01m[Kconst char*[m[K’ [[01;31m[K-fpermissive[m[K]
[11.362s]    83 |     line = gpiod_chip_get_line_offset_from_name(chip, [01;31m[K21[m[K);
[11.363s]       |                                                       [01;31m[K^~[m[K
[11.363s]       |                                                       [01;31m[K|[m[K
[11.364s]       |                                                       [01;31m[Kint[m[K
[11.364s] In file included from [01m[K/home/olia/ros2_ws/src/motor/src/driver.cpp:5[m[K:
[11.365s] [01m[K/usr/include/gpiod.h:275:54:[m[K [01;36m[Knote: [m[K  initializing argument 2 of ‘[01m[Kint[01;32m[K gpiod_chip_get_line_offset_from_name[m[K(gpiod_chip*, const char*)[m[K’
[11.365s]   275 |                                          [01;36m[Kconst char *name[m[K);
[11.366s]       |                                          [01;36m[K~~~~~~~~~~~~^~~~[m[K
[11.366s] [01m[K/home/olia/ros2_ws/src/motor/src/driver.cpp:83:48:[m[K [01;31m[Kerror: [m[Kinvalid conversion from ‘[01m[Kint[m[K’ to ‘[01m[Kmain(int, char**)::gpiod_line*[m[K’ [[01;31m[K-fpermissive[m[K]
[11.366s]    83 |     line = [01;31m[Kgpiod_chip_get_line_offset_from_name(chip, 21)[m[K;
[11.367s]       |            [01;31m[K~~~~~~~~~~~~~~~~~~~~~~~~~~~~~~~~~~~~^~~~~~~~~~[m[K
[11.367s]       |                                                [01;31m[K|[m[K
[11.367s]       |                                                [01;31m[Kint[m[K
[11.368s] [01m[K/home/olia/ros2_ws/src/motor/src/driver.cpp:88:13:[m[K [01;31m[Kerror: [m[Kinvalid cast from type ‘[01m[Kmain(int, char**)::gpiod_line*[m[K’ to type ‘[01m[Kgpiod_line_value[m[K’
[11.368s]    88 |     value = [01;31m[Kgpiod_line_value(line)[m[K;
[11.369s]       |             [01;31m[K^~~~~~~~~~~~~~~~~~~~~~[m[K
[11.369s] [01m[K/home/olia/ros2_ws/src/motor/src/driver.cpp:78:9:[m[K [01;35m[Kwarning: [m[Kunused variable ‘[01m[Kreq[m[K’ [[01;35m[K-Wunused-variable[m[K]
[11.369s]    78 |     int [01;35m[Kreq[m[K, value;
[11.370s]       |         [01;35m[K^~~[m[K
[15.818s] gmake[2]: *** [CMakeFiles/motor.dir/build.make:76: CMakeFiles/motor.dir/src/driver.cpp.o] Error 1
[15.819s] gmake[1]: *** [CMakeFiles/Makefile2:137: CMakeFiles/motor.dir/all] Error 2
[15.820s] gmake: *** [Makefile:146: all] Error 2
[15.828s] Invoked command in '/home/olia/ros2_ws/src/motor/build/motor' returned '2': CMAKE_PREFIX_PATH=${CMAKE_PREFIX_PATH}:/opt/ros/jazzy /usr/bin/cmake --build /home/olia/ros2_ws/src/motor/build/motor -- -j4 -l4
